[2015-12-14 17:40:25|SynchronizeDatabase.Db_Wind_CICC.SyncIndexComp|INFO] SynchronizeDatabase.SyncDb load config file: 'DbInfo.cfg'
[2015-12-14 17:40:25|SynchronizeDatabase.Db_Wind_CICC.SyncIndexComp|INFO] SynchronizeDatabase.SyncDb load config file: Configs\IndexComp_Wind_CICC.cfg
[2015-12-14 17:41:09|SynchronizeDatabase.Db_Wind_CICC.SyncIndexComp|INFO] SynchronizeDatabase.SyncDb load config file: 'DbInfo.cfg'
[2015-12-14 17:41:09|SynchronizeDatabase.Db_Wind_CICC.SyncIndexComp|INFO] SynchronizeDatabase.SyncDb load config file: Configs\IndexComp_Wind_CICC.cfg
[2015-12-14 17:41:09|SynchronizeDatabase.Db_Wind_CICC.SyncIndexComp|INFO] Connect remote database
[2015-12-14 17:41:09|SynchronizeDatabase.Db_Wind_CICC.SyncIndexComp|INFO] SynchronizeDatabase.ConnDb load config file: 'DbInfo.cfg'
[2015-12-14 17:41:09|SynchronizeDatabase.Db_Wind_CICC.SyncIndexComp|INFO] Connecting to remote database: 'CICCWind'...
[2015-12-14 17:41:09|SynchronizeDatabase.Db_Wind_CICC.SyncIndexComp|INFO]   Server: '192.168.142.83:1521/van'
[2015-12-14 17:41:09|SynchronizeDatabase.Db_Wind_CICC.SyncIndexComp|INFO]   Username: 'fid'
[2015-12-14 17:41:09|SynchronizeDatabase.Db_Wind_CICC.SyncIndexComp|INFO]   Password: 'fidrdwd'
[2015-12-14 17:41:09|SynchronizeDatabase.Db_Wind_CICC.SyncIndexComp|INFO] Successfully connected!
[2015-12-14 17:41:09|SynchronizeDatabase.Db_Wind_CICC.SyncIndexComp|INFO] Check remote database...
[2015-12-14 17:41:09|SynchronizeDatabase.Db_Wind_CICC.SyncIndexComp|INFO] Check remote table: 'WINDB.TB_OBJECT_1420'('IndexComp')
[2015-12-14 17:41:09|SynchronizeDatabase.Db_Wind_CICC.SyncIndexComp|INFO] Connecting to local database 'FinRptData\IndexComp_Wind_CICC.db'
[2015-12-14 17:41:09|SynchronizeDatabase.Db_Wind_CICC.SyncIndexComp|INFO] Database 'FinRptData\IndexComp_Wind_CICC.db' dose not exist, create one
[2015-12-14 17:41:09|SynchronizeDatabase.Db_Wind_CICC.SyncIndexComp|INFO] Check local database...
[2015-12-14 17:41:09|SynchronizeDatabase.Db_Wind_CICC.SyncIndexComp|INFO] Local table 'IndexComp' dose not exist
[2015-12-14 17:41:09|SynchronizeDatabase.Db_Wind_CICC.SyncIndexComp|INFO] Create local table: IndexComp
[2015-12-14 17:42:01|SynchronizeDatabase.Db_Wind_CICC.SyncIndexComp|INFO] SynchronizeDatabase.SyncDb load config file: 'DbInfo.cfg'
[2015-12-14 17:42:01|SynchronizeDatabase.Db_Wind_CICC.SyncIndexComp|INFO] SynchronizeDatabase.SyncDb load config file: Configs\IndexComp_Wind_CICC.cfg
[2015-12-14 17:42:01|SynchronizeDatabase.Db_Wind_CICC.SyncIndexComp|INFO] Connect remote database
[2015-12-14 17:42:01|SynchronizeDatabase.Db_Wind_CICC.SyncIndexComp|INFO] SynchronizeDatabase.ConnDb load config file: 'DbInfo.cfg'
[2015-12-14 17:42:01|SynchronizeDatabase.Db_Wind_CICC.SyncIndexComp|INFO] Connecting to remote database: 'CICCWind'...
[2015-12-14 17:42:01|SynchronizeDatabase.Db_Wind_CICC.SyncIndexComp|INFO]   Server: '192.168.142.83:1521/van'
[2015-12-14 17:42:01|SynchronizeDatabase.Db_Wind_CICC.SyncIndexComp|INFO]   Username: 'fid'
[2015-12-14 17:42:01|SynchronizeDatabase.Db_Wind_CICC.SyncIndexComp|INFO]   Password: 'fidrdwd'
[2015-12-14 17:42:01|SynchronizeDatabase.Db_Wind_CICC.SyncIndexComp|INFO] Successfully connected!
[2015-12-14 17:42:01|SynchronizeDatabase.Db_Wind_CICC.SyncIndexComp|INFO] Check remote database...
[2015-12-14 17:42:01|SynchronizeDatabase.Db_Wind_CICC.SyncIndexComp|INFO] Check remote table: 'WINDB.TB_OBJECT_1420'('IndexComp')
[2015-12-14 17:42:01|SynchronizeDatabase.Db_Wind_CICC.SyncIndexComp|INFO] Connecting to local database 'FinRptData\IndexComp_Wind_CICC.db'
[2015-12-14 17:42:01|SynchronizeDatabase.Db_Wind_CICC.SyncIndexComp|INFO] Check local database...
[2015-12-14 17:42:01|SynchronizeDatabase.Db_Wind_CICC.SyncIndexComp|INFO] Local table 'IndexComp' dose not exist
[2015-12-14 17:42:01|SynchronizeDatabase.Db_Wind_CICC.SyncIndexComp|INFO] Create local table: IndexComp
[2015-12-14 17:42:01|SynchronizeDatabase.Db_Wind_CICC.SyncIndexComp|INFO] Syncronizing...
[2015-12-14 17:42:01|SynchronizeDatabase.Db_Wind_CICC.SyncIndexComp|INFO]   Update table:WINDB.TB_OBJECT_1420
[2015-12-14 17:46:13|SynchronizeDatabase.Db_Wind_CICC.SyncIndexComp|INFO] SynchronizeDatabase.SyncDb load config file: 'DbInfo.cfg'
[2015-12-14 17:46:13|SynchronizeDatabase.Db_Wind_CICC.SyncIndexComp|INFO] SynchronizeDatabase.SyncDb load config file: Configs\IndexComp_Wind_CICC.cfg
[2015-12-14 17:46:13|SynchronizeDatabase.Db_Wind_CICC.SyncIndexComp|INFO] Connect remote database
[2015-12-14 17:46:13|SynchronizeDatabase.Db_Wind_CICC.SyncIndexComp|INFO] SynchronizeDatabase.ConnDb load config file: 'DbInfo.cfg'
[2015-12-14 17:46:13|SynchronizeDatabase.Db_Wind_CICC.SyncIndexComp|INFO] Connecting to remote database: 'CICCWind'...
[2015-12-14 17:46:13|SynchronizeDatabase.Db_Wind_CICC.SyncIndexComp|INFO]   Server: '192.168.142.83:1521/van'
[2015-12-14 17:46:13|SynchronizeDatabase.Db_Wind_CICC.SyncIndexComp|INFO]   Username: 'fid'
[2015-12-14 17:46:13|SynchronizeDatabase.Db_Wind_CICC.SyncIndexComp|INFO]   Password: 'fidrdwd'
[2015-12-14 17:46:14|SynchronizeDatabase.Db_Wind_CICC.SyncIndexComp|INFO] Successfully connected!
[2015-12-14 17:46:14|SynchronizeDatabase.Db_Wind_CICC.SyncIndexComp|INFO] Check remote database...
[2015-12-14 17:46:14|SynchronizeDatabase.Db_Wind_CICC.SyncIndexComp|INFO] Check remote table: 'WINDB.TB_OBJECT_1420'('IndexComp')
[2015-12-14 17:46:14|SynchronizeDatabase.Db_Wind_CICC.SyncIndexComp|INFO] Connecting to local database 'FinRptData\IndexComp_Wind_CICC.db'
[2015-12-14 17:46:14|SynchronizeDatabase.Db_Wind_CICC.SyncIndexComp|INFO] Check local database...
[2015-12-14 17:46:14|SynchronizeDatabase.Db_Wind_CICC.SyncIndexComp|INFO] Check local table: 'IndexComp'
[2015-12-14 17:46:14|SynchronizeDatabase.Db_Wind_CICC.SyncIndexComp|INFO] Syncronizing...
[2015-12-14 17:46:14|SynchronizeDatabase.Db_Wind_CICC.SyncIndexComp|INFO]   Update table:WINDB.TB_OBJECT_1420
[2015-12-14 17:48:22|SynchronizeDatabase.Db_Wind_CICC.SyncIndexComp|INFO] SynchronizeDatabase.SyncDb load config file: 'DbInfo.cfg'
[2015-12-14 17:48:22|SynchronizeDatabase.Db_Wind_CICC.SyncIndexComp|INFO] SynchronizeDatabase.SyncDb load config file: Configs\IndexComp_Wind_CICC.cfg
[2015-12-14 17:48:22|SynchronizeDatabase.Db_Wind_CICC.SyncIndexComp|INFO] Connect remote database
[2015-12-14 17:48:22|SynchronizeDatabase.Db_Wind_CICC.SyncIndexComp|INFO] SynchronizeDatabase.ConnDb load config file: 'DbInfo.cfg'
[2015-12-14 17:48:22|SynchronizeDatabase.Db_Wind_CICC.SyncIndexComp|INFO] Connecting to remote database: 'CICCWind'...
[2015-12-14 17:48:22|SynchronizeDatabase.Db_Wind_CICC.SyncIndexComp|INFO]   Server: '192.168.142.83:1521/van'
[2015-12-14 17:48:22|SynchronizeDatabase.Db_Wind_CICC.SyncIndexComp|INFO]   Username: 'fid'
[2015-12-14 17:48:22|SynchronizeDatabase.Db_Wind_CICC.SyncIndexComp|INFO]   Password: 'fidrdwd'
[2015-12-14 17:48:22|SynchronizeDatabase.Db_Wind_CICC.SyncIndexComp|INFO] Successfully connected!
[2015-12-14 17:48:22|SynchronizeDatabase.Db_Wind_CICC.SyncIndexComp|INFO] Check remote database...
[2015-12-14 17:48:22|SynchronizeDatabase.Db_Wind_CICC.SyncIndexComp|INFO] Check remote table: 'WINDB.TB_OBJECT_1420'('IndexComp')
[2015-12-14 17:48:22|SynchronizeDatabase.Db_Wind_CICC.SyncIndexComp|INFO] Connecting to local database 'MktGenInfo\IndexComp_Wind_CICC.db'
[2015-12-14 17:48:22|SynchronizeDatabase.Db_Wind_CICC.SyncIndexComp|INFO] Database 'MktGenInfo\IndexComp_Wind_CICC.db' dose not exist, create one
[2015-12-14 17:48:22|SynchronizeDatabase.Db_Wind_CICC.SyncIndexComp|INFO] Check local database...
[2015-12-14 17:48:22|SynchronizeDatabase.Db_Wind_CICC.SyncIndexComp|INFO] Local table 'IndexComp' dose not exist
[2015-12-14 17:48:22|SynchronizeDatabase.Db_Wind_CICC.SyncIndexComp|INFO] Create local table: IndexComp
[2015-12-14 17:48:23|SynchronizeDatabase.Db_Wind_CICC.SyncIndexComp|INFO] Syncronizing...
[2015-12-14 17:48:23|SynchronizeDatabase.Db_Wind_CICC.SyncIndexComp|INFO]   Update table:WINDB.TB_OBJECT_1420
[2015-12-14 18:03:04|SynchronizeDatabase.Db_Wind_CICC.SyncIndexComp|INFO] SynchronizeDatabase.SyncDb load config file: 'DbInfo.cfg'
[2015-12-14 18:03:04|SynchronizeDatabase.Db_Wind_CICC.SyncIndexComp|INFO] SynchronizeDatabase.SyncDb load config file: Configs\IndexComp_Wind_CICC.cfg
[2015-12-14 18:03:04|SynchronizeDatabase.Db_Wind_CICC.SyncIndexComp|INFO] Connect remote database
[2015-12-14 18:03:04|SynchronizeDatabase.Db_Wind_CICC.SyncIndexComp|INFO] SynchronizeDatabase.ConnDb load config file: 'DbInfo.cfg'
[2015-12-14 18:03:04|SynchronizeDatabase.Db_Wind_CICC.SyncIndexComp|INFO] Connecting to remote database: 'CICCWind'...
[2015-12-14 18:03:04|SynchronizeDatabase.Db_Wind_CICC.SyncIndexComp|INFO]   Server: '192.168.142.83:1521/van'
[2015-12-14 18:03:04|SynchronizeDatabase.Db_Wind_CICC.SyncIndexComp|INFO]   Username: 'fid'
[2015-12-14 18:03:04|SynchronizeDatabase.Db_Wind_CICC.SyncIndexComp|INFO]   Password: 'fidrdwd'
[2015-12-14 18:03:04|SynchronizeDatabase.Db_Wind_CICC.SyncIndexComp|INFO] Successfully connected!
[2015-12-14 18:03:04|SynchronizeDatabase.Db_Wind_CICC.SyncIndexComp|INFO] Check remote database...
[2015-12-14 18:03:04|SynchronizeDatabase.Db_Wind_CICC.SyncIndexComp|INFO] Check remote table: 'WINDB.TB_OBJECT_1420'('IndexComp')
[2015-12-14 18:03:04|SynchronizeDatabase.Db_Wind_CICC.SyncIndexComp|INFO] Connecting to local database 'MktGenInfo\IndexComp_Wind_CICC.db'
[2015-12-14 18:03:04|SynchronizeDatabase.Db_Wind_CICC.SyncIndexComp|INFO] Check local database...
[2015-12-14 18:03:04|SynchronizeDatabase.Db_Wind_CICC.SyncIndexComp|INFO] Check local table: 'IndexComp'
[2015-12-14 18:03:04|SynchronizeDatabase.Db_Wind_CICC.SyncIndexComp|INFO] Syncronizing...
[2015-12-14 18:03:04|SynchronizeDatabase.Db_Wind_CICC.SyncIndexComp|INFO]   Update table:WINDB.TB_OBJECT_1420
[2015-12-14 18:03:25|SynchronizeDatabase.Db_Wind_CICC.SyncIndexComp|INFO] SynchronizeDatabase.SyncDb load config file: 'DbInfo.cfg'
[2015-12-14 18:03:25|SynchronizeDatabase.Db_Wind_CICC.SyncIndexComp|INFO] SynchronizeDatabase.SyncDb load config file: Configs\IndexComp_Wind_CICC.cfg
[2015-12-14 18:03:25|SynchronizeDatabase.Db_Wind_CICC.SyncIndexComp|INFO] Connect remote database
[2015-12-14 18:03:25|SynchronizeDatabase.Db_Wind_CICC.SyncIndexComp|INFO] SynchronizeDatabase.ConnDb load config file: 'DbInfo.cfg'
[2015-12-14 18:03:25|SynchronizeDatabase.Db_Wind_CICC.SyncIndexComp|INFO] Connecting to remote database: 'CICCWind'...
[2015-12-14 18:03:25|SynchronizeDatabase.Db_Wind_CICC.SyncIndexComp|INFO]   Server: '192.168.142.83:1521/van'
[2015-12-14 18:03:25|SynchronizeDatabase.Db_Wind_CICC.SyncIndexComp|INFO]   Username: 'fid'
[2015-12-14 18:03:25|SynchronizeDatabase.Db_Wind_CICC.SyncIndexComp|INFO]   Password: 'fidrdwd'
[2015-12-14 18:03:25|SynchronizeDatabase.Db_Wind_CICC.SyncIndexComp|INFO] Successfully connected!
[2015-12-14 18:03:25|SynchronizeDatabase.Db_Wind_CICC.SyncIndexComp|INFO] Check remote database...
[2015-12-14 18:03:25|SynchronizeDatabase.Db_Wind_CICC.SyncIndexComp|INFO] Check remote table: 'WINDB.TB_OBJECT_1420'('IndexComp')
[2015-12-14 18:03:25|SynchronizeDatabase.Db_Wind_CICC.SyncIndexComp|INFO] Connecting to local database 'MktGenInfo\IndexComp_Wind_CICC.db'
[2015-12-14 18:03:25|SynchronizeDatabase.Db_Wind_CICC.SyncIndexComp|INFO] Check local database...
[2015-12-14 18:03:25|SynchronizeDatabase.Db_Wind_CICC.SyncIndexComp|INFO] Check local table: 'IndexComp'
[2015-12-14 18:03:25|SynchronizeDatabase.Db_Wind_CICC.SyncIndexComp|INFO] Syncronizing...
[2015-12-14 18:03:25|SynchronizeDatabase.Db_Wind_CICC.SyncIndexComp|INFO] Create local table: IndexComp
[2015-12-14 18:03:25|SynchronizeDatabase.Db_Wind_CICC.SyncIndexComp|INFO]   Update table:WINDB.TB_OBJECT_1420
[2015-12-15 17:10:46|SynchronizeDatabase.Db_Wind_CICC.SyncTradeDay|INFO] SynchronizeDatabase.SyncDb load config file: 'DbInfo.cfg'
[2015-12-15 17:10:46|SynchronizeDatabase.Db_Wind_CICC.SyncTradeDay|INFO] Connect remote database
[2015-12-15 17:10:46|SynchronizeDatabase.Db_Wind_CICC.SyncTradeDay|INFO] SynchronizeDatabase.ConnDb load config file: 'DbInfo.cfg'
[2015-12-15 17:10:46|SynchronizeDatabase.Db_Wind_CICC.SyncTradeDay|INFO] Connecting to remote database: 'CICCWind'...
[2015-12-15 17:10:46|SynchronizeDatabase.Db_Wind_CICC.SyncTradeDay|INFO]   Server: '192.168.142.83:1521/van'
[2015-12-15 17:10:46|SynchronizeDatabase.Db_Wind_CICC.SyncTradeDay|INFO]   Username: 'fid'
[2015-12-15 17:10:46|SynchronizeDatabase.Db_Wind_CICC.SyncTradeDay|INFO]   Password: 'fidrdwd'
[2015-12-15 17:10:46|SynchronizeDatabase.Db_Wind_CICC.SyncTradeDay|INFO] Successfully connected!
[2015-12-15 17:10:46|SynchronizeDatabase.Db_Wind_CICC.SyncTradeDay|INFO] Check remote database...
[2015-12-15 17:11:42|SynchronizeDatabase.Db_Wind_CICC.SyncTradeDay|INFO] SynchronizeDatabase.SyncDb load config file: 'DbInfo.cfg'
[2015-12-15 17:11:42|SynchronizeDatabase.Db_Wind_CICC.SyncTradeDay|INFO] Connect remote database
[2015-12-15 17:11:42|SynchronizeDatabase.Db_Wind_CICC.SyncTradeDay|INFO] SynchronizeDatabase.ConnDb load config file: 'DbInfo.cfg'
[2015-12-15 17:11:42|SynchronizeDatabase.Db_Wind_CICC.SyncTradeDay|INFO] Connecting to remote database: 'CICCWind'...
[2015-12-15 17:11:42|SynchronizeDatabase.Db_Wind_CICC.SyncTradeDay|INFO]   Server: '192.168.142.83:1521/van'
[2015-12-15 17:11:42|SynchronizeDatabase.Db_Wind_CICC.SyncTradeDay|INFO]   Username: 'fid'
[2015-12-15 17:11:42|SynchronizeDatabase.Db_Wind_CICC.SyncTradeDay|INFO]   Password: 'fidrdwd'
[2015-12-15 17:11:42|SynchronizeDatabase.Db_Wind_CICC.SyncTradeDay|INFO] Successfully connected!
[2015-12-15 17:11:42|SynchronizeDatabase.Db_Wind_CICC.SyncTradeDay|INFO] Connecting to local database 'MktGenInfo\TradeDate_Wind_CICC.db'
[2015-12-15 17:11:42|SynchronizeDatabase.Db_Wind_CICC.SyncTradeDay|INFO] Database 'MktGenInfo\TradeDate_Wind_CICC.db' dose not exist, create one
[2015-12-15 17:12:31|SynchronizeDatabase.Db_Wind_CICC.SyncTradeDay|INFO] SynchronizeDatabase.SyncDb load config file: 'DbInfo.cfg'
[2015-12-15 17:12:31|SynchronizeDatabase.Db_Wind_CICC.SyncTradeDay|INFO] Connect remote database
[2015-12-15 17:12:31|SynchronizeDatabase.Db_Wind_CICC.SyncTradeDay|INFO] SynchronizeDatabase.ConnDb load config file: 'DbInfo.cfg'
[2015-12-15 17:12:31|SynchronizeDatabase.Db_Wind_CICC.SyncTradeDay|INFO] Connecting to remote database: 'CICCWind'...
[2015-12-15 17:12:31|SynchronizeDatabase.Db_Wind_CICC.SyncTradeDay|INFO]   Server: '192.168.142.83:1521/van'
[2015-12-15 17:12:31|SynchronizeDatabase.Db_Wind_CICC.SyncTradeDay|INFO]   Username: 'fid'
[2015-12-15 17:12:31|SynchronizeDatabase.Db_Wind_CICC.SyncTradeDay|INFO]   Password: 'fidrdwd'
[2015-12-15 17:12:31|SynchronizeDatabase.Db_Wind_CICC.SyncTradeDay|INFO] Successfully connected!
[2015-12-15 17:12:31|SynchronizeDatabase.Db_Wind_CICC.SyncTradeDay|INFO] Connecting to local database 'MktGenInfo\TradeDate_Wind_CICC.db'
[2015-12-15 17:12:31|SynchronizeDatabase.Db_Wind_CICC.SyncTradeDay|INFO] Database 'MktGenInfo\TradeDate_Wind_CICC.db' dose not exist, create one
[2015-12-15 17:12:31|SynchronizeDatabase.Db_Wind_CICC.SyncTradeDay|INFO]   Update table:TradeDate
[2015-12-15 17:14:04|SynchronizeDatabase.Db_Wind_CICC.SyncTradeDay|INFO] SynchronizeDatabase.SyncDb load config file: 'DbInfo.cfg'
[2015-12-15 17:14:04|SynchronizeDatabase.Db_Wind_CICC.SyncTradeDay|INFO] Connect remote database
[2015-12-15 17:14:04|SynchronizeDatabase.Db_Wind_CICC.SyncTradeDay|INFO] SynchronizeDatabase.ConnDb load config file: 'DbInfo.cfg'
[2015-12-15 17:14:04|SynchronizeDatabase.Db_Wind_CICC.SyncTradeDay|INFO] Connecting to remote database: 'CICCWind'...
[2015-12-15 17:14:04|SynchronizeDatabase.Db_Wind_CICC.SyncTradeDay|INFO]   Server: '192.168.142.83:1521/van'
[2015-12-15 17:14:04|SynchronizeDatabase.Db_Wind_CICC.SyncTradeDay|INFO]   Username: 'fid'
[2015-12-15 17:14:04|SynchronizeDatabase.Db_Wind_CICC.SyncTradeDay|INFO]   Password: 'fidrdwd'
[2015-12-15 17:14:04|SynchronizeDatabase.Db_Wind_CICC.SyncTradeDay|INFO] Successfully connected!
[2015-12-15 17:14:04|SynchronizeDatabase.Db_Wind_CICC.SyncTradeDay|INFO] Connecting to local database 'MktGenInfo\TradeDate_Wind_CICC.db'
[2015-12-15 17:14:04|SynchronizeDatabase.Db_Wind_CICC.SyncTradeDay|INFO]   Update table:TradeDate
[2015-12-15 17:14:52|SynchronizeDatabase.Db_Wind_CICC.SyncTradeDay|INFO] SynchronizeDatabase.SyncDb load config file: 'DbInfo.cfg'
[2015-12-15 17:14:52|SynchronizeDatabase.Db_Wind_CICC.SyncTradeDay|INFO] Connect remote database
[2015-12-15 17:14:52|SynchronizeDatabase.Db_Wind_CICC.SyncTradeDay|INFO] SynchronizeDatabase.ConnDb load config file: 'DbInfo.cfg'
[2015-12-15 17:14:52|SynchronizeDatabase.Db_Wind_CICC.SyncTradeDay|INFO] Connecting to remote database: 'CICCWind'...
[2015-12-15 17:14:52|SynchronizeDatabase.Db_Wind_CICC.SyncTradeDay|INFO]   Server: '192.168.142.83:1521/van'
[2015-12-15 17:14:52|SynchronizeDatabase.Db_Wind_CICC.SyncTradeDay|INFO]   Username: 'fid'
[2015-12-15 17:14:52|SynchronizeDatabase.Db_Wind_CICC.SyncTradeDay|INFO]   Password: 'fidrdwd'
[2015-12-15 17:14:52|SynchronizeDatabase.Db_Wind_CICC.SyncTradeDay|INFO] Successfully connected!
[2015-12-15 17:14:52|SynchronizeDatabase.Db_Wind_CICC.SyncTradeDay|INFO] Connecting to local database 'MktGenInfo\TradeDate_Wind_CICC.db'
[2015-12-15 17:14:52|SynchronizeDatabase.Db_Wind_CICC.SyncTradeDay|INFO]   Update table:TradeDate
[2015-12-15 17:17:00|SynchronizeDatabase.Db_Wind_CICC.SyncTradeDay|INFO] SynchronizeDatabase.SyncDb load config file: 'DbInfo.cfg'
[2015-12-15 17:17:00|SynchronizeDatabase.Db_Wind_CICC.SyncTradeDay|INFO] Connect remote database
[2015-12-15 17:17:00|SynchronizeDatabase.Db_Wind_CICC.SyncTradeDay|INFO] SynchronizeDatabase.ConnDb load config file: 'DbInfo.cfg'
[2015-12-15 17:17:00|SynchronizeDatabase.Db_Wind_CICC.SyncTradeDay|INFO] Connecting to remote database: 'CICCWind'...
[2015-12-15 17:17:00|SynchronizeDatabase.Db_Wind_CICC.SyncTradeDay|INFO]   Server: '192.168.142.83:1521/van'
[2015-12-15 17:17:00|SynchronizeDatabase.Db_Wind_CICC.SyncTradeDay|INFO]   Username: 'fid'
[2015-12-15 17:17:00|SynchronizeDatabase.Db_Wind_CICC.SyncTradeDay|INFO]   Password: 'fidrdwd'
[2015-12-15 17:17:00|SynchronizeDatabase.Db_Wind_CICC.SyncTradeDay|INFO] Successfully connected!
[2015-12-15 17:17:00|SynchronizeDatabase.Db_Wind_CICC.SyncTradeDay|INFO] Connecting to local database 'MktGenInfo\TradeDate_Wind_CICC.db'
[2015-12-15 17:17:00|SynchronizeDatabase.Db_Wind_CICC.SyncTradeDay|INFO]   Update table:TradeDate
[2015-12-15 17:17:07|SynchronizeDatabase.Db_Wind_CICC.SyncTradeDay|INFO] SynchronizeDatabase.SyncDb load config file: 'DbInfo.cfg'
[2015-12-15 17:17:07|SynchronizeDatabase.Db_Wind_CICC.SyncTradeDay|INFO] Connect remote database
[2015-12-15 17:17:07|SynchronizeDatabase.Db_Wind_CICC.SyncTradeDay|INFO] SynchronizeDatabase.ConnDb load config file: 'DbInfo.cfg'
[2015-12-15 17:17:07|SynchronizeDatabase.Db_Wind_CICC.SyncTradeDay|INFO] Connecting to remote database: 'CICCWind'...
[2015-12-15 17:17:07|SynchronizeDatabase.Db_Wind_CICC.SyncTradeDay|INFO]   Server: '192.168.142.83:1521/van'
[2015-12-15 17:17:07|SynchronizeDatabase.Db_Wind_CICC.SyncTradeDay|INFO]   Username: 'fid'
[2015-12-15 17:17:07|SynchronizeDatabase.Db_Wind_CICC.SyncTradeDay|INFO]   Password: 'fidrdwd'
[2015-12-15 17:17:07|SynchronizeDatabase.Db_Wind_CICC.SyncTradeDay|INFO] Successfully connected!
[2015-12-15 17:17:07|SynchronizeDatabase.Db_Wind_CICC.SyncTradeDay|INFO] Connecting to local database 'MktGenInfo\TradeDate_Wind_CICC.db'
[2015-12-15 17:17:07|SynchronizeDatabase.Db_Wind_CICC.SyncTradeDay|INFO]   Update table:TradeDate
[2015-12-15 17:17:32|SynchronizeDatabase.Db_Wind_CICC.SyncTradeDay|INFO] SynchronizeDatabase.SyncDb load config file: 'DbInfo.cfg'
[2015-12-15 17:17:32|SynchronizeDatabase.Db_Wind_CICC.SyncTradeDay|INFO] Connect remote database
[2015-12-15 17:17:32|SynchronizeDatabase.Db_Wind_CICC.SyncTradeDay|INFO] SynchronizeDatabase.ConnDb load config file: 'DbInfo.cfg'
[2015-12-15 17:17:32|SynchronizeDatabase.Db_Wind_CICC.SyncTradeDay|INFO] Connecting to remote database: 'CICCWind'...
[2015-12-15 17:17:32|SynchronizeDatabase.Db_Wind_CICC.SyncTradeDay|INFO]   Server: '192.168.142.83:1521/van'
[2015-12-15 17:17:32|SynchronizeDatabase.Db_Wind_CICC.SyncTradeDay|INFO]   Username: 'fid'
[2015-12-15 17:17:32|SynchronizeDatabase.Db_Wind_CICC.SyncTradeDay|INFO]   Password: 'fidrdwd'
[2015-12-15 17:17:32|SynchronizeDatabase.Db_Wind_CICC.SyncTradeDay|INFO] Successfully connected!
[2015-12-15 17:17:32|SynchronizeDatabase.Db_Wind_CICC.SyncTradeDay|INFO] Connecting to local database 'MktGenInfo\TradeDate_Wind_CICC.db'
[2015-12-15 17:17:50|SynchronizeDatabase.Db_Wind_CICC.SyncTradeDay|INFO] SynchronizeDatabase.SyncDb load config file: 'DbInfo.cfg'
[2015-12-15 17:17:50|SynchronizeDatabase.Db_Wind_CICC.SyncTradeDay|INFO] Connect remote database
[2015-12-15 17:17:50|SynchronizeDatabase.Db_Wind_CICC.SyncTradeDay|INFO] SynchronizeDatabase.ConnDb load config file: 'DbInfo.cfg'
[2015-12-15 17:17:50|SynchronizeDatabase.Db_Wind_CICC.SyncTradeDay|INFO] Connecting to remote database: 'CICCWind'...
[2015-12-15 17:17:50|SynchronizeDatabase.Db_Wind_CICC.SyncTradeDay|INFO]   Server: '192.168.142.83:1521/van'
[2015-12-15 17:17:50|SynchronizeDatabase.Db_Wind_CICC.SyncTradeDay|INFO]   Username: 'fid'
[2015-12-15 17:17:50|SynchronizeDatabase.Db_Wind_CICC.SyncTradeDay|INFO]   Password: 'fidrdwd'
[2015-12-15 17:17:50|SynchronizeDatabase.Db_Wind_CICC.SyncTradeDay|INFO] Successfully connected!
[2015-12-15 17:17:50|SynchronizeDatabase.Db_Wind_CICC.SyncTradeDay|INFO] Connecting to local database 'MktGenInfo\TradeDate_Wind_CICC.db'
[2015-12-15 17:17:50|SynchronizeDatabase.Db_Wind_CICC.SyncTradeDay|INFO] Create local table: TradeDate
[2015-12-15 17:19:00|SynchronizeDatabase.Db_Wind_CICC.SyncTradeDay|INFO] SynchronizeDatabase.SyncDb load config file: 'DbInfo.cfg'
[2015-12-15 17:19:00|SynchronizeDatabase.Db_Wind_CICC.SyncTradeDay|INFO] Connect remote database
[2015-12-15 17:19:00|SynchronizeDatabase.Db_Wind_CICC.SyncTradeDay|INFO] SynchronizeDatabase.ConnDb load config file: 'DbInfo.cfg'
[2015-12-15 17:19:00|SynchronizeDatabase.Db_Wind_CICC.SyncTradeDay|INFO] Connecting to remote database: 'CICCWind'...
[2015-12-15 17:19:00|SynchronizeDatabase.Db_Wind_CICC.SyncTradeDay|INFO]   Server: '192.168.142.83:1521/van'
[2015-12-15 17:19:00|SynchronizeDatabase.Db_Wind_CICC.SyncTradeDay|INFO]   Username: 'fid'
[2015-12-15 17:19:00|SynchronizeDatabase.Db_Wind_CICC.SyncTradeDay|INFO]   Password: 'fidrdwd'
[2015-12-15 17:19:00|SynchronizeDatabase.Db_Wind_CICC.SyncTradeDay|INFO] Successfully connected!
[2015-12-15 17:19:00|SynchronizeDatabase.Db_Wind_CICC.SyncTradeDay|INFO] Connecting to local database 'MktGenInfo\TradeDate_Wind_CICC.db'
[2015-12-15 17:19:00|SynchronizeDatabase.Db_Wind_CICC.SyncTradeDay|INFO] Create local table: TradeDate
[2015-12-15 17:19:00|SynchronizeDatabase.Db_Wind_CICC.SyncTradeDay|INFO]   Update table:TradeDate
[2016-01-18 18:19:13|SynchronizeDatabase.Db_Wind_CICC.SyncIndexComp|INFO] SynchronizeDatabase.SyncDb load config file: 'DbInfo.cfg'
[2016-01-18 18:19:13|SynchronizeDatabase.Db_Wind_CICC.SyncIndexComp|INFO] SynchronizeDatabase.SyncDb load config file: Configs\IndexComp_Wind_CICC.cfg
[2016-01-18 18:19:13|SynchronizeDatabase.Db_Wind_CICC.SyncIndexComp|INFO] Connect remote database
[2016-01-18 18:19:13|SynchronizeDatabase.Db_Wind_CICC.SyncIndexComp|INFO] SynchronizeDatabase.ConnDb load config file: 'DbInfo.cfg'
[2016-01-18 18:19:13|SynchronizeDatabase.Db_Wind_CICC.SyncIndexComp|INFO] Connecting to remote database: 'CICCWind'...
[2016-01-18 18:19:13|SynchronizeDatabase.Db_Wind_CICC.SyncIndexComp|INFO]   Server: '192.168.142.83:1521/van'
[2016-01-18 18:19:13|SynchronizeDatabase.Db_Wind_CICC.SyncIndexComp|INFO]   Username: 'fid'
[2016-01-18 18:19:13|SynchronizeDatabase.Db_Wind_CICC.SyncIndexComp|INFO]   Password: 'fidrdwd'
[2016-01-18 18:19:13|SynchronizeDatabase.Db_Wind_CICC.SyncIndexComp|INFO] Successfully connected!
[2016-01-18 18:19:13|SynchronizeDatabase.Db_Wind_CICC.SyncIndexComp|INFO] Check remote database...
[2016-01-18 18:19:13|SynchronizeDatabase.Db_Wind_CICC.SyncIndexComp|INFO] Check remote table: 'WINDB.TB_OBJECT_1420'('IndexComp')
[2016-01-18 18:19:13|SynchronizeDatabase.Db_Wind_CICC.SyncIndexComp|INFO] Connecting to local database 'MktGenInfo\IndexComp_Wind_CICC.db'
[2016-01-18 18:19:13|SynchronizeDatabase.Db_Wind_CICC.SyncIndexComp|INFO] Check local database...
[2016-01-18 18:19:13|SynchronizeDatabase.Db_Wind_CICC.SyncIndexComp|INFO] Check local table: 'IndexComp'
[2016-01-18 18:19:13|SynchronizeDatabase.Db_Wind_CICC.SyncIndexComp|INFO] Syncronizing...
[2016-01-18 18:19:13|SynchronizeDatabase.Db_Wind_CICC.SyncIndexComp|INFO] Create local table: IndexComp
[2016-01-18 18:19:13|SynchronizeDatabase.Db_Wind_CICC.SyncIndexComp|INFO]   Update table:WINDB.TB_OBJECT_1420
[2016-01-18 18:45:37|SynchronizeDatabase.Db_Wind_CICC.SyncTradeDay|INFO] SynchronizeDatabase.SyncDb load config file: 'DbInfo.cfg'
[2016-01-18 18:45:37|SynchronizeDatabase.Db_Wind_CICC.SyncTradeDay|INFO] Connect remote database
[2016-01-18 18:45:37|SynchronizeDatabase.Db_Wind_CICC.SyncTradeDay|INFO] SynchronizeDatabase.ConnDb load config file: 'DbInfo.cfg'
[2016-01-18 18:45:37|SynchronizeDatabase.Db_Wind_CICC.SyncTradeDay|INFO] Connecting to remote database: 'CICCWind'...
[2016-01-18 18:45:37|SynchronizeDatabase.Db_Wind_CICC.SyncTradeDay|INFO]   Server: '192.168.142.83:1521/van'
[2016-01-18 18:45:37|SynchronizeDatabase.Db_Wind_CICC.SyncTradeDay|INFO]   Username: 'fid'
[2016-01-18 18:45:37|SynchronizeDatabase.Db_Wind_CICC.SyncTradeDay|INFO]   Password: 'fidrdwd'
[2016-01-18 18:45:37|SynchronizeDatabase.Db_Wind_CICC.SyncTradeDay|INFO] Successfully connected!
[2016-01-18 18:45:37|SynchronizeDatabase.Db_Wind_CICC.SyncTradeDay|INFO] Connecting to local database 'MktGenInfo\TradeDate_Wind_CICC.db'
[2016-01-18 18:45:37|SynchronizeDatabase.Db_Wind_CICC.SyncTradeDay|INFO] Create local table: TradeDate
[2016-01-18 18:45:37|SynchronizeDatabase.Db_Wind_CICC.SyncTradeDay|INFO]   Update table:TradeDate
[2016-01-22 17:00:55|SynchronizeDatabase.Db_Wind_CICC.SyncIndexComp|INFO] SynchronizeDatabase.SyncDb load config file: 'DbInfo.cfg'
[2016-01-22 17:00:55|SynchronizeDatabase.Db_Wind_CICC.SyncIndexComp|INFO] SynchronizeDatabase.SyncDb load config file: Configs\IndexComp_Wind_CICC.cfg
[2016-01-22 17:00:55|SynchronizeDatabase.Db_Wind_CICC.SyncIndexComp|INFO] Connect remote database
[2016-01-22 17:00:55|SynchronizeDatabase.Db_Wind_CICC.SyncIndexComp|INFO] SynchronizeDatabase.ConnDb load config file: 'DbInfo.cfg'
[2016-01-22 17:00:55|SynchronizeDatabase.Db_Wind_CICC.SyncIndexComp|INFO] Connecting to remote database: 'CICCWind'...
[2016-01-22 17:00:55|SynchronizeDatabase.Db_Wind_CICC.SyncIndexComp|INFO]   Server: '192.168.142.83:1521/van'
[2016-01-22 17:00:55|SynchronizeDatabase.Db_Wind_CICC.SyncIndexComp|INFO]   Username: 'fid'
[2016-01-22 17:00:55|SynchronizeDatabase.Db_Wind_CICC.SyncIndexComp|INFO]   Password: 'fidrdwd'
[2016-01-22 17:00:55|SynchronizeDatabase.Db_Wind_CICC.SyncIndexComp|INFO] Successfully connected!
[2016-01-22 17:00:55|SynchronizeDatabase.Db_Wind_CICC.SyncIndexComp|INFO] Check remote database...
[2016-01-22 17:00:55|SynchronizeDatabase.Db_Wind_CICC.SyncIndexComp|INFO] Check remote table: 'WINDB.TB_OBJECT_1420'('IndexComp')
[2016-01-22 17:00:55|SynchronizeDatabase.Db_Wind_CICC.SyncIndexComp|INFO] Connecting to local database 'MktGenInfo\IndexComp_Wind_CICC.db'
[2016-01-22 17:00:55|SynchronizeDatabase.Db_Wind_CICC.SyncIndexComp|INFO] Check local database...
[2016-01-22 17:00:55|SynchronizeDatabase.Db_Wind_CICC.SyncIndexComp|INFO] Check local table: 'IndexComp'
[2016-01-22 17:00:55|SynchronizeDatabase.Db_Wind_CICC.SyncIndexComp|INFO] Syncronizing...
[2016-01-22 17:00:55|SynchronizeDatabase.Db_Wind_CICC.SyncIndexComp|INFO] Create local table: IndexComp
[2016-01-22 17:00:55|SynchronizeDatabase.Db_Wind_CICC.SyncIndexComp|INFO]   Update table:WINDB.TB_OBJECT_1420
[2016-01-22 17:20:44|SynchronizeDatabase.Db_Wind_CICC.SyncIndexComp|INFO] SynchronizeDatabase.SyncDb load config file: 'DbInfo.cfg'
[2016-01-22 17:20:44|SynchronizeDatabase.Db_Wind_CICC.SyncIndexComp|INFO] SynchronizeDatabase.SyncDb load config file: Configs\IndexComp_Wind_CICC.cfg
[2016-01-22 17:20:44|SynchronizeDatabase.Db_Wind_CICC.SyncIndexComp|INFO] Connect remote database
[2016-01-22 17:20:44|SynchronizeDatabase.Db_Wind_CICC.SyncIndexComp|INFO] SynchronizeDatabase.ConnDb load config file: 'DbInfo.cfg'
[2016-01-22 17:20:44|SynchronizeDatabase.Db_Wind_CICC.SyncIndexComp|INFO] Connecting to remote database: 'CICCWind'...
[2016-01-22 17:20:44|SynchronizeDatabase.Db_Wind_CICC.SyncIndexComp|INFO]   Server: '192.168.142.83:1521/van'
[2016-01-22 17:20:44|SynchronizeDatabase.Db_Wind_CICC.SyncIndexComp|INFO]   Username: 'fid'
[2016-01-22 17:20:44|SynchronizeDatabase.Db_Wind_CICC.SyncIndexComp|INFO]   Password: 'fidrdwd'
[2016-01-22 17:20:44|SynchronizeDatabase.Db_Wind_CICC.SyncIndexComp|INFO] Successfully connected!
[2016-01-22 17:20:44|SynchronizeDatabase.Db_Wind_CICC.SyncIndexComp|INFO] Check remote database...
[2016-01-22 17:20:44|SynchronizeDatabase.Db_Wind_CICC.SyncIndexComp|INFO] Check remote table: 'WINDDB.TB_OBJECT_1476'('SWIndustry1st')
[2016-01-22 17:20:44|SynchronizeDatabase.Db_Wind_CICC.SyncIndexComp|INFO] Connecting to local database 'MktGenInfo\IndexComp_Wind_CICC.db'
[2016-01-22 17:20:44|SynchronizeDatabase.Db_Wind_CICC.SyncIndexComp|INFO] Check local database...
[2016-01-22 17:20:44|SynchronizeDatabase.Db_Wind_CICC.SyncIndexComp|INFO] Local table 'SWIndustry1st' dose not exist
[2016-01-22 17:20:44|SynchronizeDatabase.Db_Wind_CICC.SyncIndexComp|INFO] Create local table: SWIndustry1st
[2016-01-22 17:20:44|SynchronizeDatabase.Db_Wind_CICC.SyncIndexComp|INFO] Syncronizing...
[2016-01-22 17:20:44|SynchronizeDatabase.Db_Wind_CICC.SyncIndexComp|INFO] Create local table: SWIndustry1st
[2016-01-22 17:20:44|SynchronizeDatabase.Db_Wind_CICC.SyncIndexComp|INFO]   Update table:WINDDB.TB_OBJECT_1476
[2016-01-22 17:20:44|SynchronizeDatabase.Db_Wind_CICC.SyncIndexComp|ERROR] ORA-00942: table or view does not exist

[2016-01-22 17:31:54|SynchronizeDatabase.Db_Wind_CICC.SyncIndexComp|INFO] SynchronizeDatabase.SyncDb load config file: 'DbInfo.cfg'
[2016-01-22 17:31:54|SynchronizeDatabase.Db_Wind_CICC.SyncIndexComp|INFO] SynchronizeDatabase.SyncDb load config file: Configs\IndexComp_Wind_CICC.cfg
[2016-01-22 17:32:26|SynchronizeDatabase.Db_Wind_CICC.SyncIndexComp|INFO] SynchronizeDatabase.SyncDb load config file: 'DbInfo.cfg'
[2016-01-22 17:32:26|SynchronizeDatabase.Db_Wind_CICC.SyncIndexComp|INFO] SynchronizeDatabase.SyncDb load config file: Configs\IndexComp_Wind_CICC.cfg
[2016-01-22 17:32:26|SynchronizeDatabase.Db_Wind_CICC.SyncIndexComp|INFO] Connect remote database
[2016-01-22 17:32:26|SynchronizeDatabase.Db_Wind_CICC.SyncIndexComp|INFO] SynchronizeDatabase.ConnDb load config file: 'DbInfo.cfg'
[2016-01-22 17:32:26|SynchronizeDatabase.Db_Wind_CICC.SyncIndexComp|INFO] Connecting to remote database: 'CICCWind'...
[2016-01-22 17:32:26|SynchronizeDatabase.Db_Wind_CICC.SyncIndexComp|INFO]   Server: '192.168.142.83:1521/van'
[2016-01-22 17:32:26|SynchronizeDatabase.Db_Wind_CICC.SyncIndexComp|INFO]   Username: 'fid'
[2016-01-22 17:32:26|SynchronizeDatabase.Db_Wind_CICC.SyncIndexComp|INFO]   Password: 'fidrdwd'
[2016-01-22 17:32:26|SynchronizeDatabase.Db_Wind_CICC.SyncIndexComp|INFO] Successfully connected!
[2016-01-22 17:32:26|SynchronizeDatabase.Db_Wind_CICC.SyncIndexComp|INFO] Check remote database...
[2016-01-22 17:32:26|SynchronizeDatabase.Db_Wind_CICC.SyncIndexComp|INFO] Check remote table: 'WINDDB.TB_OBJECT_1476'('SWIndustry1st')
[2016-01-22 17:32:26|SynchronizeDatabase.Db_Wind_CICC.SyncIndexComp|INFO] Connecting to local database 'MktGenInfo\IndexComp_Wind_CICC.db'
[2016-01-22 17:32:26|SynchronizeDatabase.Db_Wind_CICC.SyncIndexComp|INFO] Check local database...
[2016-01-22 17:32:26|SynchronizeDatabase.Db_Wind_CICC.SyncIndexComp|INFO] Check local table: 'SWIndustry1st'
[2016-01-22 17:32:26|SynchronizeDatabase.Db_Wind_CICC.SyncIndexComp|INFO] Syncronizing...
[2016-01-22 17:32:26|SynchronizeDatabase.Db_Wind_CICC.SyncIndexComp|INFO] Create local table: SWIndustry1st
[2016-01-22 17:32:27|SynchronizeDatabase.Db_Wind_CICC.SyncIndexComp|INFO]   Update table:WINDDB.TB_OBJECT_1476
[2016-01-22 17:32:27|SynchronizeDatabase.Db_Wind_CICC.SyncIndexComp|ERROR] ORA-00942: table or view does not exist

[2016-01-22 17:33:13|SynchronizeDatabase.Db_Wind_CICC.SyncIndexComp|INFO] SynchronizeDatabase.SyncDb load config file: 'DbInfo.cfg'
[2016-01-22 17:33:13|SynchronizeDatabase.Db_Wind_CICC.SyncIndexComp|INFO] SynchronizeDatabase.SyncDb load config file: Configs\IndexComp_Wind_CICC.cfg
[2016-01-22 17:33:13|SynchronizeDatabase.Db_Wind_CICC.SyncIndexComp|INFO] Connect remote database
[2016-01-22 17:33:13|SynchronizeDatabase.Db_Wind_CICC.SyncIndexComp|INFO] SynchronizeDatabase.ConnDb load config file: 'DbInfo.cfg'
[2016-01-22 17:33:13|SynchronizeDatabase.Db_Wind_CICC.SyncIndexComp|INFO] Connecting to remote database: 'CICCWind'...
[2016-01-22 17:33:13|SynchronizeDatabase.Db_Wind_CICC.SyncIndexComp|INFO]   Server: '192.168.142.83:1521/van'
[2016-01-22 17:33:13|SynchronizeDatabase.Db_Wind_CICC.SyncIndexComp|INFO]   Username: 'fid'
[2016-01-22 17:33:13|SynchronizeDatabase.Db_Wind_CICC.SyncIndexComp|INFO]   Password: 'fidrdwd'
[2016-01-22 17:33:13|SynchronizeDatabase.Db_Wind_CICC.SyncIndexComp|INFO] Successfully connected!
[2016-01-22 17:33:13|SynchronizeDatabase.Db_Wind_CICC.SyncIndexComp|INFO] Check remote database...
[2016-01-22 17:33:13|SynchronizeDatabase.Db_Wind_CICC.SyncIndexComp|INFO] Check remote table: 'WINDDB.TB_OBJECT_1476'('SWIndustry1st')
[2016-01-22 17:33:13|SynchronizeDatabase.Db_Wind_CICC.SyncIndexComp|INFO] Connecting to local database 'MktGenInfo\IndexComp_Wind_CICC.db'
[2016-01-22 17:33:13|SynchronizeDatabase.Db_Wind_CICC.SyncIndexComp|INFO] Check local database...
[2016-01-22 17:33:13|SynchronizeDatabase.Db_Wind_CICC.SyncIndexComp|INFO] Check local table: 'SWIndustry1st'
[2016-01-22 17:33:13|SynchronizeDatabase.Db_Wind_CICC.SyncIndexComp|INFO] Syncronizing...
[2016-01-22 17:33:13|SynchronizeDatabase.Db_Wind_CICC.SyncIndexComp|INFO] Create local table: SWIndustry1st
[2016-01-22 17:33:13|SynchronizeDatabase.Db_Wind_CICC.SyncIndexComp|INFO]   Update table:WINDDB.TB_OBJECT_1476
[2016-01-22 17:33:13|SynchronizeDatabase.Db_Wind_CICC.SyncIndexComp|ERROR] ORA-00936: missing expression

[2016-01-22 17:34:52|SynchronizeDatabase.Db_Wind_CICC.SyncIndexComp|INFO] SynchronizeDatabase.SyncDb load config file: 'DbInfo.cfg'
[2016-01-22 17:34:52|SynchronizeDatabase.Db_Wind_CICC.SyncIndexComp|INFO] SynchronizeDatabase.SyncDb load config file: Configs\IndexComp_Wind_CICC.cfg
[2016-01-22 17:34:52|SynchronizeDatabase.Db_Wind_CICC.SyncIndexComp|INFO] Connect remote database
[2016-01-22 17:34:52|SynchronizeDatabase.Db_Wind_CICC.SyncIndexComp|INFO] SynchronizeDatabase.ConnDb load config file: 'DbInfo.cfg'
[2016-01-22 17:34:52|SynchronizeDatabase.Db_Wind_CICC.SyncIndexComp|INFO] Connecting to remote database: 'CICCWind'...
[2016-01-22 17:34:52|SynchronizeDatabase.Db_Wind_CICC.SyncIndexComp|INFO]   Server: '192.168.142.83:1521/van'
[2016-01-22 17:34:52|SynchronizeDatabase.Db_Wind_CICC.SyncIndexComp|INFO]   Username: 'fid'
[2016-01-22 17:34:52|SynchronizeDatabase.Db_Wind_CICC.SyncIndexComp|INFO]   Password: 'fidrdwd'
[2016-01-22 17:34:52|SynchronizeDatabase.Db_Wind_CICC.SyncIndexComp|INFO] Successfully connected!
[2016-01-22 17:34:52|SynchronizeDatabase.Db_Wind_CICC.SyncIndexComp|INFO] Check remote database...
[2016-01-22 17:34:52|SynchronizeDatabase.Db_Wind_CICC.SyncIndexComp|INFO] Check remote table: 'WINDDB.TB_OBJECT_1476'('SWIndustry1st')
[2016-01-22 17:34:52|SynchronizeDatabase.Db_Wind_CICC.SyncIndexComp|INFO] Connecting to local database 'MktGenInfo\IndexComp_Wind_CICC.db'
[2016-01-22 17:34:52|SynchronizeDatabase.Db_Wind_CICC.SyncIndexComp|INFO] Check local database...
[2016-01-22 17:34:52|SynchronizeDatabase.Db_Wind_CICC.SyncIndexComp|INFO] Check local table: 'SWIndustry1st'
[2016-01-22 17:34:52|SynchronizeDatabase.Db_Wind_CICC.SyncIndexComp|INFO] Syncronizing...
[2016-01-22 17:34:52|SynchronizeDatabase.Db_Wind_CICC.SyncIndexComp|INFO] Create local table: SWIndustry1st
[2016-01-22 17:34:53|SynchronizeDatabase.Db_Wind_CICC.SyncIndexComp|INFO]   Update table:WINDDB.TB_OBJECT_1476
[2016-01-22 17:34:53|SynchronizeDatabase.Db_Wind_CICC.SyncIndexComp|ERROR] ORA-00942: table or view does not exist

[2016-01-22 17:35:52|SynchronizeDatabase.Db_Wind_CICC.SyncIndexComp|INFO] SynchronizeDatabase.SyncDb load config file: 'DbInfo.cfg'
[2016-01-22 17:35:52|SynchronizeDatabase.Db_Wind_CICC.SyncIndexComp|INFO] SynchronizeDatabase.SyncDb load config file: Configs\IndexComp_Wind_CICC.cfg
[2016-01-22 17:35:52|SynchronizeDatabase.Db_Wind_CICC.SyncIndexComp|INFO] Connect remote database
[2016-01-22 17:35:52|SynchronizeDatabase.Db_Wind_CICC.SyncIndexComp|INFO] SynchronizeDatabase.ConnDb load config file: 'DbInfo.cfg'
[2016-01-22 17:35:52|SynchronizeDatabase.Db_Wind_CICC.SyncIndexComp|INFO] Connecting to remote database: 'CICCWind'...
[2016-01-22 17:35:52|SynchronizeDatabase.Db_Wind_CICC.SyncIndexComp|INFO]   Server: '192.168.142.83:1521/van'
[2016-01-22 17:35:52|SynchronizeDatabase.Db_Wind_CICC.SyncIndexComp|INFO]   Username: 'fid'
[2016-01-22 17:35:52|SynchronizeDatabase.Db_Wind_CICC.SyncIndexComp|INFO]   Password: 'fidrdwd'
[2016-01-22 17:35:52|SynchronizeDatabase.Db_Wind_CICC.SyncIndexComp|INFO] Successfully connected!
[2016-01-22 17:35:52|SynchronizeDatabase.Db_Wind_CICC.SyncIndexComp|INFO] Check remote database...
[2016-01-22 17:35:52|SynchronizeDatabase.Db_Wind_CICC.SyncIndexComp|INFO] Check remote table: 'WINDDB.TB_OBJECT_1476'('SWIndustry1st')
[2016-01-22 17:35:52|SynchronizeDatabase.Db_Wind_CICC.SyncIndexComp|INFO] Connecting to local database 'MktGenInfo\IndexComp_Wind_CICC.db'
[2016-01-22 17:35:52|SynchronizeDatabase.Db_Wind_CICC.SyncIndexComp|INFO] Check local database...
[2016-01-22 17:35:52|SynchronizeDatabase.Db_Wind_CICC.SyncIndexComp|INFO] Check local table: 'SWIndustry1st'
[2016-01-22 17:35:52|SynchronizeDatabase.Db_Wind_CICC.SyncIndexComp|INFO] Syncronizing...
[2016-01-22 17:35:52|SynchronizeDatabase.Db_Wind_CICC.SyncIndexComp|INFO] Create local table: SWIndustry1st
[2016-01-22 17:35:52|SynchronizeDatabase.Db_Wind_CICC.SyncIndexComp|INFO]   Update table:WINDDB.TB_OBJECT_1476
[2016-01-22 17:37:56|SynchronizeDatabase.Db_Wind_CICC.SyncIndexComp|INFO] SynchronizeDatabase.SyncDb load config file: 'DbInfo.cfg'
[2016-01-22 17:37:56|SynchronizeDatabase.Db_Wind_CICC.SyncIndexComp|INFO] SynchronizeDatabase.SyncDb load config file: Configs\IndexComp_Wind_CICC.cfg
[2016-01-22 17:37:56|SynchronizeDatabase.Db_Wind_CICC.SyncIndexComp|INFO] Connect remote database
[2016-01-22 17:37:56|SynchronizeDatabase.Db_Wind_CICC.SyncIndexComp|INFO] SynchronizeDatabase.ConnDb load config file: 'DbInfo.cfg'
[2016-01-22 17:37:56|SynchronizeDatabase.Db_Wind_CICC.SyncIndexComp|INFO] Connecting to remote database: 'CICCWind'...
[2016-01-22 17:37:56|SynchronizeDatabase.Db_Wind_CICC.SyncIndexComp|INFO]   Server: '192.168.142.83:1521/van'
[2016-01-22 17:37:56|SynchronizeDatabase.Db_Wind_CICC.SyncIndexComp|INFO]   Username: 'fid'
[2016-01-22 17:37:56|SynchronizeDatabase.Db_Wind_CICC.SyncIndexComp|INFO]   Password: 'fidrdwd'
[2016-01-22 17:37:56|SynchronizeDatabase.Db_Wind_CICC.SyncIndexComp|INFO] Successfully connected!
[2016-01-22 17:37:56|SynchronizeDatabase.Db_Wind_CICC.SyncIndexComp|INFO] Check remote database...
[2016-01-22 17:37:56|SynchronizeDatabase.Db_Wind_CICC.SyncIndexComp|INFO] Check remote table: 'WINDDB.TB_OBJECT_1476'('SWIndustry1st')
[2016-01-22 17:37:56|SynchronizeDatabase.Db_Wind_CICC.SyncIndexComp|INFO] Connecting to local database 'MktGenInfo\IndexComp_Wind_CICC.db'
[2016-01-22 17:37:56|SynchronizeDatabase.Db_Wind_CICC.SyncIndexComp|INFO] Check local database...
[2016-01-22 17:37:56|SynchronizeDatabase.Db_Wind_CICC.SyncIndexComp|INFO] Check local table: 'SWIndustry1st'
[2016-01-22 17:37:56|SynchronizeDatabase.Db_Wind_CICC.SyncIndexComp|INFO] Syncronizing...
[2016-01-22 17:37:56|SynchronizeDatabase.Db_Wind_CICC.SyncIndexComp|INFO] Create local table: SWIndustry1st
[2016-01-22 17:37:56|SynchronizeDatabase.Db_Wind_CICC.SyncIndexComp|INFO]   Update table:WINDDB.TB_OBJECT_1476
[2016-01-25 15:17:56|SynchronizeDatabase.Db_Wind_CICC.SyncIndexComp|INFO] SynchronizeDatabase.SyncDb load config file: 'DbInfo.cfg'
[2016-01-25 15:17:56|SynchronizeDatabase.Db_Wind_CICC.SyncIndexComp|INFO] SynchronizeDatabase.SyncDb load config file: Configs\IndexComp_Wind_CICC.cfg
[2016-01-25 15:17:56|SynchronizeDatabase.Db_Wind_CICC.SyncIndexComp|INFO] Connect remote database
[2016-01-25 15:17:56|SynchronizeDatabase.Db_Wind_CICC.SyncIndexComp|INFO] SynchronizeDatabase.ConnDb load config file: 'DbInfo.cfg'
[2016-01-25 15:17:56|SynchronizeDatabase.Db_Wind_CICC.SyncIndexComp|INFO] Connecting to remote database: 'CICCWind'...
[2016-01-25 15:17:56|SynchronizeDatabase.Db_Wind_CICC.SyncIndexComp|INFO]   Server: '192.168.142.83:1521/van'
[2016-01-25 15:17:56|SynchronizeDatabase.Db_Wind_CICC.SyncIndexComp|INFO]   Username: 'fid'
[2016-01-25 15:17:56|SynchronizeDatabase.Db_Wind_CICC.SyncIndexComp|INFO]   Password: 'fidrdwd'
[2016-01-25 15:17:56|SynchronizeDatabase.Db_Wind_CICC.SyncIndexComp|INFO] Successfully connected!
[2016-01-25 15:17:56|SynchronizeDatabase.Db_Wind_CICC.SyncIndexComp|INFO] Check remote database...
[2016-01-25 15:17:56|SynchronizeDatabase.Db_Wind_CICC.SyncIndexComp|INFO] Check remote table: 'WINDDB.TB_OBJECT_1476'('SWIndustry1st')
[2016-01-25 15:17:56|SynchronizeDatabase.Db_Wind_CICC.SyncIndexComp|INFO] Connecting to local database 'MktGenInfo\IndexComp_Wind_CICC.db'
[2016-01-25 15:17:56|SynchronizeDatabase.Db_Wind_CICC.SyncIndexComp|INFO] Check local database...
[2016-01-25 15:17:56|SynchronizeDatabase.Db_Wind_CICC.SyncIndexComp|INFO] Check local table: 'SWIndustry1st'
[2016-01-25 15:17:56|SynchronizeDatabase.Db_Wind_CICC.SyncIndexComp|INFO] Syncronizing...
[2016-01-25 15:17:56|SynchronizeDatabase.Db_Wind_CICC.SyncIndexComp|INFO] Create local table: SWIndustry1st
[2016-01-25 15:17:56|SynchronizeDatabase.Db_Wind_CICC.SyncIndexComp|INFO]   Update table:WINDDB.TB_OBJECT_1476
[2016-01-25 15:17:56|SynchronizeDatabase.Db_Wind_CICC.SyncIndexComp|ERROR] ORA-00904: "INDUSCODE": invalid identifier

[2016-01-25 15:18:49|SynchronizeDatabase.Db_Wind_CICC.SyncIndexComp|INFO] SynchronizeDatabase.SyncDb load config file: 'DbInfo.cfg'
[2016-01-25 15:18:49|SynchronizeDatabase.Db_Wind_CICC.SyncIndexComp|INFO] SynchronizeDatabase.SyncDb load config file: Configs\IndexComp_Wind_CICC.cfg
[2016-01-25 15:18:49|SynchronizeDatabase.Db_Wind_CICC.SyncIndexComp|INFO] Connect remote database
[2016-01-25 15:18:49|SynchronizeDatabase.Db_Wind_CICC.SyncIndexComp|INFO] SynchronizeDatabase.ConnDb load config file: 'DbInfo.cfg'
[2016-01-25 15:18:49|SynchronizeDatabase.Db_Wind_CICC.SyncIndexComp|INFO] Connecting to remote database: 'CICCWind'...
[2016-01-25 15:18:49|SynchronizeDatabase.Db_Wind_CICC.SyncIndexComp|INFO]   Server: '192.168.142.83:1521/van'
[2016-01-25 15:18:49|SynchronizeDatabase.Db_Wind_CICC.SyncIndexComp|INFO]   Username: 'fid'
[2016-01-25 15:18:49|SynchronizeDatabase.Db_Wind_CICC.SyncIndexComp|INFO]   Password: 'fidrdwd'
[2016-01-25 15:18:49|SynchronizeDatabase.Db_Wind_CICC.SyncIndexComp|INFO] Successfully connected!
[2016-01-25 15:18:49|SynchronizeDatabase.Db_Wind_CICC.SyncIndexComp|INFO] Check remote database...
[2016-01-25 15:18:49|SynchronizeDatabase.Db_Wind_CICC.SyncIndexComp|INFO] Check remote table: 'WINDDB.TB_OBJECT_1476'('SWIndustry1st')
[2016-01-25 15:18:49|SynchronizeDatabase.Db_Wind_CICC.SyncIndexComp|INFO] Connecting to local database 'MktGenInfo\IndexComp_Wind_CICC.db'
[2016-01-25 15:18:49|SynchronizeDatabase.Db_Wind_CICC.SyncIndexComp|INFO] Check local database...
[2016-01-25 15:18:49|SynchronizeDatabase.Db_Wind_CICC.SyncIndexComp|INFO] Check local table: 'SWIndustry1st'
[2016-01-25 15:18:49|SynchronizeDatabase.Db_Wind_CICC.SyncIndexComp|INFO] Syncronizing...
[2016-01-25 15:18:49|SynchronizeDatabase.Db_Wind_CICC.SyncIndexComp|INFO] Create local table: SWIndustry1st
[2016-01-25 15:18:49|SynchronizeDatabase.Db_Wind_CICC.SyncIndexComp|INFO]   Update table:WINDDB.TB_OBJECT_1476
[2016-01-25 15:44:20|SynchronizeDatabase.Db_Wind_CICC.SyncIndexComp|INFO] SynchronizeDatabase.SyncDb load config file: 'DbInfo.cfg'
[2016-01-25 15:44:20|SynchronizeDatabase.Db_Wind_CICC.SyncIndexComp|INFO] SynchronizeDatabase.SyncDb load config file: Configs\IndexComp_Wind_CICC.cfg
[2016-01-25 15:44:20|SynchronizeDatabase.Db_Wind_CICC.SyncIndexComp|INFO] Connect remote database
[2016-01-25 15:44:20|SynchronizeDatabase.Db_Wind_CICC.SyncIndexComp|INFO] SynchronizeDatabase.ConnDb load config file: 'DbInfo.cfg'
[2016-01-25 15:44:20|SynchronizeDatabase.Db_Wind_CICC.SyncIndexComp|INFO] Connecting to remote database: 'CICCWind'...
[2016-01-25 15:44:20|SynchronizeDatabase.Db_Wind_CICC.SyncIndexComp|INFO]   Server: '192.168.142.83:1521/van'
[2016-01-25 15:44:20|SynchronizeDatabase.Db_Wind_CICC.SyncIndexComp|INFO]   Username: 'fid'
[2016-01-25 15:44:20|SynchronizeDatabase.Db_Wind_CICC.SyncIndexComp|INFO]   Password: 'fidrdwd'
[2016-01-25 15:44:20|SynchronizeDatabase.Db_Wind_CICC.SyncIndexComp|INFO] Successfully connected!
[2016-01-25 15:44:20|SynchronizeDatabase.Db_Wind_CICC.SyncIndexComp|INFO] Check remote database...
[2016-01-25 15:44:20|SynchronizeDatabase.Db_Wind_CICC.SyncIndexComp|INFO] Check remote table: 'WINDDB.TB_OBJECT_1476'('SWIndustry1st')
[2016-01-25 15:44:20|SynchronizeDatabase.Db_Wind_CICC.SyncIndexComp|INFO] Connecting to local database 'MktGenInfo\IndexComp_Wind_CICC.db'
[2016-01-25 15:44:20|SynchronizeDatabase.Db_Wind_CICC.SyncIndexComp|INFO] Check local database...
[2016-01-25 15:44:20|SynchronizeDatabase.Db_Wind_CICC.SyncIndexComp|INFO] Check local table: 'SWIndustry1st'
[2016-01-25 15:44:20|SynchronizeDatabase.Db_Wind_CICC.SyncIndexComp|INFO] Syncronizing...
[2016-01-25 15:44:21|SynchronizeDatabase.Db_Wind_CICC.SyncIndexComp|INFO] Create local table: SWIndustry1st
[2016-01-25 15:44:21|SynchronizeDatabase.Db_Wind_CICC.SyncIndexComp|INFO]   Update table:WINDDB.TB_OBJECT_1476
[2016-01-25 15:50:42|SynchronizeDatabase.Db_Wind_CICC.SyncIndexComp|INFO] SynchronizeDatabase.SyncDb load config file: 'DbInfo.cfg'
[2016-01-25 15:50:42|SynchronizeDatabase.Db_Wind_CICC.SyncIndexComp|INFO] SynchronizeDatabase.SyncDb load config file: Configs\IndexComp_Wind_CICC.cfg
[2016-01-25 15:50:42|SynchronizeDatabase.Db_Wind_CICC.SyncIndexComp|INFO] Connect remote database
[2016-01-25 15:50:42|SynchronizeDatabase.Db_Wind_CICC.SyncIndexComp|INFO] SynchronizeDatabase.ConnDb load config file: 'DbInfo.cfg'
[2016-01-25 15:50:42|SynchronizeDatabase.Db_Wind_CICC.SyncIndexComp|INFO] Connecting to remote database: 'CICCWind'...
[2016-01-25 15:50:42|SynchronizeDatabase.Db_Wind_CICC.SyncIndexComp|INFO]   Server: '192.168.142.83:1521/van'
[2016-01-25 15:50:42|SynchronizeDatabase.Db_Wind_CICC.SyncIndexComp|INFO]   Username: 'fid'
[2016-01-25 15:50:42|SynchronizeDatabase.Db_Wind_CICC.SyncIndexComp|INFO]   Password: 'fidrdwd'
[2016-01-25 15:50:42|SynchronizeDatabase.Db_Wind_CICC.SyncIndexComp|INFO] Successfully connected!
[2016-01-25 15:50:42|SynchronizeDatabase.Db_Wind_CICC.SyncIndexComp|INFO] Check remote database...
[2016-01-25 15:50:42|SynchronizeDatabase.Db_Wind_CICC.SyncIndexComp|INFO] Check remote table: 'WINDDB.TB_OBJECT_1476'('SWIndustry1st')
[2016-01-25 15:50:42|SynchronizeDatabase.Db_Wind_CICC.SyncIndexComp|INFO] Connecting to local database 'MktGenInfo\IndexComp_Wind_CICC.db'
[2016-01-25 15:50:42|SynchronizeDatabase.Db_Wind_CICC.SyncIndexComp|INFO] Check local database...
[2016-01-25 15:50:42|SynchronizeDatabase.Db_Wind_CICC.SyncIndexComp|INFO] Check local table: 'SWIndustry1st'
[2016-01-25 15:50:42|SynchronizeDatabase.Db_Wind_CICC.SyncIndexComp|INFO] Syncronizing...
[2016-01-25 15:50:42|SynchronizeDatabase.Db_Wind_CICC.SyncIndexComp|INFO] Create local table: SWIndustry1st
[2016-01-25 15:50:42|SynchronizeDatabase.Db_Wind_CICC.SyncIndexComp|INFO]   Update table:WINDDB.TB_OBJECT_1476
[2016-01-25 15:51:40|SynchronizeDatabase.Db_Wind_CICC.SyncIndexComp|INFO] SynchronizeDatabase.SyncDb load config file: 'DbInfo.cfg'
[2016-01-25 15:51:40|SynchronizeDatabase.Db_Wind_CICC.SyncIndexComp|INFO] SynchronizeDatabase.SyncDb load config file: Configs\IndexComp_Wind_CICC.cfg
[2016-01-25 15:51:40|SynchronizeDatabase.Db_Wind_CICC.SyncIndexComp|INFO] Connect remote database
[2016-01-25 15:51:40|SynchronizeDatabase.Db_Wind_CICC.SyncIndexComp|INFO] SynchronizeDatabase.ConnDb load config file: 'DbInfo.cfg'
[2016-01-25 15:51:40|SynchronizeDatabase.Db_Wind_CICC.SyncIndexComp|INFO] Connecting to remote database: 'CICCWind'...
[2016-01-25 15:51:40|SynchronizeDatabase.Db_Wind_CICC.SyncIndexComp|INFO]   Server: '192.168.142.83:1521/van'
[2016-01-25 15:51:40|SynchronizeDatabase.Db_Wind_CICC.SyncIndexComp|INFO]   Username: 'fid'
[2016-01-25 15:51:40|SynchronizeDatabase.Db_Wind_CICC.SyncIndexComp|INFO]   Password: 'fidrdwd'
[2016-01-25 15:51:40|SynchronizeDatabase.Db_Wind_CICC.SyncIndexComp|INFO] Successfully connected!
[2016-01-25 15:51:40|SynchronizeDatabase.Db_Wind_CICC.SyncIndexComp|INFO] Check remote database...
[2016-01-25 15:51:40|SynchronizeDatabase.Db_Wind_CICC.SyncIndexComp|INFO] Check remote table: 'WINDDB.TB_OBJECT_1420'('IndexComp')
[2016-01-25 15:51:40|SynchronizeDatabase.Db_Wind_CICC.SyncIndexComp|INFO] Check remote table: 'WINDDB.TB_OBJECT_1476'('SWIndustry1st')
[2016-01-25 15:51:40|SynchronizeDatabase.Db_Wind_CICC.SyncIndexComp|INFO] Connecting to local database 'MktGenInfo\IndexComp_Wind_CICC.db'
[2016-01-25 15:51:40|SynchronizeDatabase.Db_Wind_CICC.SyncIndexComp|INFO] Check local database...
[2016-01-25 15:51:40|SynchronizeDatabase.Db_Wind_CICC.SyncIndexComp|INFO] Check local table: 'IndexComp'
[2016-01-25 15:51:40|SynchronizeDatabase.Db_Wind_CICC.SyncIndexComp|INFO] Check local table: 'SWIndustry1st'
[2016-01-25 15:51:40|SynchronizeDatabase.Db_Wind_CICC.SyncIndexComp|INFO] Syncronizing...
[2016-01-25 15:51:40|SynchronizeDatabase.Db_Wind_CICC.SyncIndexComp|INFO] Create local table: IndexComp
[2016-01-25 15:51:41|SynchronizeDatabase.Db_Wind_CICC.SyncIndexComp|INFO]   Update table:WINDDB.TB_OBJECT_1420
[2016-01-25 15:53:06|SynchronizeDatabase.Db_Wind_CICC.SyncIndexComp|INFO] SynchronizeDatabase.SyncDb load config file: 'DbInfo.cfg'
[2016-01-25 15:53:06|SynchronizeDatabase.Db_Wind_CICC.SyncIndexComp|INFO] SynchronizeDatabase.SyncDb load config file: Configs\IndexComp_Wind_CICC.cfg
[2016-01-25 15:53:06|SynchronizeDatabase.Db_Wind_CICC.SyncIndexComp|INFO] Connect remote database
[2016-01-25 15:53:06|SynchronizeDatabase.Db_Wind_CICC.SyncIndexComp|INFO] SynchronizeDatabase.ConnDb load config file: 'DbInfo.cfg'
[2016-01-25 15:53:06|SynchronizeDatabase.Db_Wind_CICC.SyncIndexComp|INFO] Connecting to remote database: 'CICCWind'...
[2016-01-25 15:53:06|SynchronizeDatabase.Db_Wind_CICC.SyncIndexComp|INFO]   Server: '192.168.142.83:1521/van'
[2016-01-25 15:53:06|SynchronizeDatabase.Db_Wind_CICC.SyncIndexComp|INFO]   Username: 'fid'
[2016-01-25 15:53:06|SynchronizeDatabase.Db_Wind_CICC.SyncIndexComp|INFO]   Password: 'fidrdwd'
[2016-01-25 15:53:07|SynchronizeDatabase.Db_Wind_CICC.SyncIndexComp|INFO] Successfully connected!
[2016-01-25 15:53:07|SynchronizeDatabase.Db_Wind_CICC.SyncIndexComp|INFO] Check remote database...
[2016-01-25 15:53:07|SynchronizeDatabase.Db_Wind_CICC.SyncIndexComp|INFO] Check remote table: 'WINDDB.TB_OBJECT_1420'('IndexComp')
[2016-01-25 15:53:07|SynchronizeDatabase.Db_Wind_CICC.SyncIndexComp|INFO] Check remote table: 'WINDDB.TB_OBJECT_1476'('SWIndustry1st')
[2016-01-25 15:53:07|SynchronizeDatabase.Db_Wind_CICC.SyncIndexComp|INFO] Connecting to local database 'MktGenInfo\IndexComp_Wind_CICC.db'
[2016-01-25 15:53:07|SynchronizeDatabase.Db_Wind_CICC.SyncIndexComp|INFO] Database 'MktGenInfo\IndexComp_Wind_CICC.db' dose not exist, create one
[2016-01-25 15:53:07|SynchronizeDatabase.Db_Wind_CICC.SyncIndexComp|INFO] Check local database...
[2016-01-25 15:53:07|SynchronizeDatabase.Db_Wind_CICC.SyncIndexComp|INFO] Local table 'IndexComp' dose not exist
[2016-01-25 15:53:07|SynchronizeDatabase.Db_Wind_CICC.SyncIndexComp|INFO] Create local table: IndexComp
[2016-01-25 15:53:07|SynchronizeDatabase.Db_Wind_CICC.SyncIndexComp|INFO] Local table 'SWIndustry1st' dose not exist
[2016-01-25 15:53:07|SynchronizeDatabase.Db_Wind_CICC.SyncIndexComp|INFO] Create local table: SWIndustry1st
[2016-01-25 15:53:07|SynchronizeDatabase.Db_Wind_CICC.SyncIndexComp|INFO] Syncronizing...
[2016-01-25 15:53:07|SynchronizeDatabase.Db_Wind_CICC.SyncIndexComp|INFO] Create local table: IndexComp
[2016-01-25 15:53:07|SynchronizeDatabase.Db_Wind_CICC.SyncIndexComp|INFO]   Update table:WINDDB.TB_OBJECT_1420
[2016-01-25 15:53:08|SynchronizeDatabase.Db_Wind_CICC.SyncIndexComp|INFO] Create local table: SWIndustry1st
[2016-01-25 15:53:08|SynchronizeDatabase.Db_Wind_CICC.SyncIndexComp|INFO]   Update table:WINDDB.TB_OBJECT_1476
[2016-01-25 15:54:21|SynchronizeDatabase.Db_Wind_CICC.SyncIndexComp|INFO] SynchronizeDatabase.SyncDb load config file: 'DbInfo.cfg'
[2016-01-25 15:54:21|SynchronizeDatabase.Db_Wind_CICC.SyncIndexComp|INFO] SynchronizeDatabase.SyncDb load config file: Configs\IndexComp_Wind_CICC.cfg
[2016-01-25 15:54:21|SynchronizeDatabase.Db_Wind_CICC.SyncIndexComp|INFO] Connect remote database
[2016-01-25 15:54:21|SynchronizeDatabase.Db_Wind_CICC.SyncIndexComp|INFO] SynchronizeDatabase.ConnDb load config file: 'DbInfo.cfg'
[2016-01-25 15:54:21|SynchronizeDatabase.Db_Wind_CICC.SyncIndexComp|INFO] Connecting to remote database: 'CICCWind'...
[2016-01-25 15:54:21|SynchronizeDatabase.Db_Wind_CICC.SyncIndexComp|INFO]   Server: '192.168.142.83:1521/van'
[2016-01-25 15:54:21|SynchronizeDatabase.Db_Wind_CICC.SyncIndexComp|INFO]   Username: 'fid'
[2016-01-25 15:54:21|SynchronizeDatabase.Db_Wind_CICC.SyncIndexComp|INFO]   Password: 'fidrdwd'
[2016-01-25 15:54:21|SynchronizeDatabase.Db_Wind_CICC.SyncIndexComp|INFO] Successfully connected!
[2016-01-25 15:54:21|SynchronizeDatabase.Db_Wind_CICC.SyncIndexComp|INFO] Check remote database...
[2016-01-25 15:54:21|SynchronizeDatabase.Db_Wind_CICC.SyncIndexComp|INFO] Check remote table: 'WINDDB.TB_OBJECT_1420'('IndexComp')
[2016-01-25 15:54:21|SynchronizeDatabase.Db_Wind_CICC.SyncIndexComp|INFO] Check remote table: 'WINDDB.TB_OBJECT_1476'('SWIndustry1st')
[2016-01-25 15:54:21|SynchronizeDatabase.Db_Wind_CICC.SyncIndexComp|INFO] Connecting to local database 'MktGenInfo\IndexComp_Wind_CICC.db'
[2016-01-25 15:54:21|SynchronizeDatabase.Db_Wind_CICC.SyncIndexComp|INFO] Database 'MktGenInfo\IndexComp_Wind_CICC.db' dose not exist, create one
[2016-01-25 15:54:21|SynchronizeDatabase.Db_Wind_CICC.SyncIndexComp|INFO] Check local database...
[2016-01-25 15:54:21|SynchronizeDatabase.Db_Wind_CICC.SyncIndexComp|INFO] Local table 'IndexComp' dose not exist
[2016-01-25 15:54:21|SynchronizeDatabase.Db_Wind_CICC.SyncIndexComp|INFO] Create local table: IndexComp
[2016-01-25 15:54:21|SynchronizeDatabase.Db_Wind_CICC.SyncIndexComp|INFO] Local table 'SWIndustry1st' dose not exist
[2016-01-25 15:54:21|SynchronizeDatabase.Db_Wind_CICC.SyncIndexComp|INFO] Create local table: SWIndustry1st
[2016-01-25 15:54:21|SynchronizeDatabase.Db_Wind_CICC.SyncIndexComp|INFO] Syncronizing...
[2016-01-25 15:54:22|SynchronizeDatabase.Db_Wind_CICC.SyncIndexComp|INFO] Create local table: IndexComp
[2016-01-25 15:54:22|SynchronizeDatabase.Db_Wind_CICC.SyncIndexComp|INFO]   Update table:WINDDB.TB_OBJECT_1420
[2016-01-25 15:54:23|SynchronizeDatabase.Db_Wind_CICC.SyncIndexComp|INFO] Create local table: SWIndustry1st
[2016-01-25 15:54:23|SynchronizeDatabase.Db_Wind_CICC.SyncIndexComp|INFO]   Update table:WINDDB.TB_OBJECT_1476
[2016-01-25 20:05:04|SynchronizeDatabase.Db_Wind_CICC.SyncIndexComp|INFO] SynchronizeDatabase.SyncDb load config file: 'DbInfo.cfg'
[2016-01-25 20:05:04|SynchronizeDatabase.Db_Wind_CICC.SyncIndexComp|INFO] SynchronizeDatabase.SyncDb load config file: Configs\IndexComp_Wind_CICC.cfg
[2016-01-25 20:05:04|SynchronizeDatabase.Db_Wind_CICC.SyncIndexComp|INFO] Connect remote database
[2016-01-25 20:05:04|SynchronizeDatabase.Db_Wind_CICC.SyncIndexComp|INFO] SynchronizeDatabase.ConnDb load config file: 'DbInfo.cfg'
[2016-01-25 20:05:04|SynchronizeDatabase.Db_Wind_CICC.SyncIndexComp|INFO] Connecting to remote database: 'CICCWind'...
[2016-01-25 20:05:04|SynchronizeDatabase.Db_Wind_CICC.SyncIndexComp|INFO]   Server: '192.168.142.83:1521/van'
[2016-01-25 20:05:04|SynchronizeDatabase.Db_Wind_CICC.SyncIndexComp|INFO]   Username: 'fid'
[2016-01-25 20:05:04|SynchronizeDatabase.Db_Wind_CICC.SyncIndexComp|INFO]   Password: 'fidrdwd'
[2016-01-25 20:05:04|SynchronizeDatabase.Db_Wind_CICC.SyncIndexComp|INFO] Successfully connected!
[2016-01-25 20:05:04|SynchronizeDatabase.Db_Wind_CICC.SyncIndexComp|INFO] Check remote database...
[2016-01-25 20:05:04|SynchronizeDatabase.Db_Wind_CICC.SyncIndexComp|INFO] Check remote table: 'WINDDB.TB_OBJECT_1420'('IndexComp')
[2016-01-25 20:05:04|SynchronizeDatabase.Db_Wind_CICC.SyncIndexComp|INFO] Check remote table: 'WINDDB.TB_OBJECT_1476'('SWIndustry1st')
[2016-01-25 20:05:04|SynchronizeDatabase.Db_Wind_CICC.SyncIndexComp|INFO] Connecting to local database 'MktGenInfo\IndexComp_Wind_CICC.db'
[2016-01-25 20:05:04|SynchronizeDatabase.Db_Wind_CICC.SyncIndexComp|INFO] Check local database...
[2016-01-25 20:05:04|SynchronizeDatabase.Db_Wind_CICC.SyncIndexComp|INFO] Check local table: 'IndexComp'
[2016-01-25 20:05:04|SynchronizeDatabase.Db_Wind_CICC.SyncIndexComp|INFO] Check local table: 'SWIndustry1st'
[2016-01-25 20:05:04|SynchronizeDatabase.Db_Wind_CICC.SyncIndexComp|INFO] Syncronizing...
[2016-01-25 20:05:04|SynchronizeDatabase.Db_Wind_CICC.SyncIndexComp|INFO] Create local table: IndexComp
[2016-01-25 20:05:04|SynchronizeDatabase.Db_Wind_CICC.SyncIndexComp|INFO]   Update table:WINDDB.TB_OBJECT_1420
[2016-01-25 20:05:07|SynchronizeDatabase.Db_Wind_CICC.SyncIndexComp|INFO] Create local table: SWIndustry1st
[2016-01-25 20:05:07|SynchronizeDatabase.Db_Wind_CICC.SyncIndexComp|INFO]   Update table:WINDDB.TB_OBJECT_1476
[2016-01-28 17:59:33|SynchronizeDatabase.Db_Wind_CICC.SyncIndexComp|INFO] SynchronizeDatabase.SyncDb load config file: 'DbInfo.cfg'
[2016-01-28 17:59:33|SynchronizeDatabase.Db_Wind_CICC.SyncIndexComp|INFO] SynchronizeDatabase.SyncDb load config file: Configs\IndexComp_Wind_CICC.cfg
[2016-01-28 17:59:33|SynchronizeDatabase.Db_Wind_CICC.SyncIndexComp|INFO] Connect remote database
[2016-01-28 17:59:33|SynchronizeDatabase.Db_Wind_CICC.SyncIndexComp|INFO] SynchronizeDatabase.ConnDb load config file: 'DbInfo.cfg'
[2016-01-28 17:59:33|SynchronizeDatabase.Db_Wind_CICC.SyncIndexComp|INFO] Connecting to remote database: 'CICCWind'...
[2016-01-28 17:59:33|SynchronizeDatabase.Db_Wind_CICC.SyncIndexComp|INFO]   Server: '192.168.142.83:1521/van'
[2016-01-28 17:59:33|SynchronizeDatabase.Db_Wind_CICC.SyncIndexComp|INFO]   Username: 'fid'
[2016-01-28 17:59:33|SynchronizeDatabase.Db_Wind_CICC.SyncIndexComp|INFO]   Password: 'fidrdwd'
[2016-01-28 17:59:33|SynchronizeDatabase.Db_Wind_CICC.SyncIndexComp|INFO] Successfully connected!
[2016-01-28 17:59:33|SynchronizeDatabase.Db_Wind_CICC.SyncIndexComp|INFO] Check remote database...
[2016-01-28 17:59:33|SynchronizeDatabase.Db_Wind_CICC.SyncIndexComp|INFO] Check remote table: 'WINDDB.TB_OBJECT_1420'('IndexComp')
[2016-01-28 17:59:33|SynchronizeDatabase.Db_Wind_CICC.SyncIndexComp|INFO] Check remote table: 'WINDDB.TB_OBJECT_1476'('SWIndustry1st')
[2016-01-28 17:59:33|SynchronizeDatabase.Db_Wind_CICC.SyncIndexComp|INFO] Connecting to local database 'MktGenInfo\IndexComp_Wind_CICC.db'
[2016-01-28 17:59:33|SynchronizeDatabase.Db_Wind_CICC.SyncIndexComp|INFO] Database 'MktGenInfo\IndexComp_Wind_CICC.db' dose not exist, create one
[2016-01-28 17:59:33|SynchronizeDatabase.Db_Wind_CICC.SyncIndexComp|INFO] Check local database...
[2016-01-28 17:59:33|SynchronizeDatabase.Db_Wind_CICC.SyncIndexComp|INFO] Local table 'IndexComp' dose not exist
[2016-01-28 17:59:33|SynchronizeDatabase.Db_Wind_CICC.SyncIndexComp|INFO] Create local table: IndexComp
[2016-01-28 17:59:33|SynchronizeDatabase.Db_Wind_CICC.SyncIndexComp|INFO] Local table 'SWIndustry1st' dose not exist
[2016-01-28 17:59:33|SynchronizeDatabase.Db_Wind_CICC.SyncIndexComp|INFO] Create local table: SWIndustry1st
[2016-01-28 17:59:33|SynchronizeDatabase.Db_Wind_CICC.SyncIndexComp|INFO] Syncronizing...
[2016-01-28 17:59:33|SynchronizeDatabase.Db_Wind_CICC.SyncIndexComp|INFO] Create local table: IndexComp
[2016-01-28 17:59:33|SynchronizeDatabase.Db_Wind_CICC.SyncIndexComp|INFO]   Update table:WINDDB.TB_OBJECT_1420
[2016-01-28 17:59:36|SynchronizeDatabase.Db_Wind_CICC.SyncIndexComp|INFO] Create local table: SWIndustry1st
[2016-01-28 17:59:36|SynchronizeDatabase.Db_Wind_CICC.SyncIndexComp|INFO]   Update table:WINDDB.TB_OBJECT_1476
[2016-03-18 11:01:39|SynchronizeDatabase.Db_Wind_CICC.SyncIndexComp|INFO] SynchronizeDatabase.SyncDb load config file: 'DbInfo.cfg'
[2016-03-18 11:01:39|SynchronizeDatabase.Db_Wind_CICC.SyncIndexComp|INFO] SynchronizeDatabase.SyncDb load config file: Configs\IndexComp_Wind_CICC.cfg
[2016-03-18 11:01:39|SynchronizeDatabase.Db_Wind_CICC.SyncIndexComp|INFO] Connect remote database
[2016-03-18 11:01:39|SynchronizeDatabase.Db_Wind_CICC.SyncIndexComp|INFO] SynchronizeDatabase.ConnDb load config file: 'DbInfo.cfg'
[2016-03-18 11:01:39|SynchronizeDatabase.Db_Wind_CICC.SyncIndexComp|INFO] Connecting to remote database: 'CICCWind'...
[2016-03-18 11:01:39|SynchronizeDatabase.Db_Wind_CICC.SyncIndexComp|INFO]   Server: '192.168.142.83:1521/van'
[2016-03-18 11:01:39|SynchronizeDatabase.Db_Wind_CICC.SyncIndexComp|INFO]   Username: 'fid'
[2016-03-18 11:01:39|SynchronizeDatabase.Db_Wind_CICC.SyncIndexComp|INFO]   Password: 'fidrdwd'
[2016-03-18 11:01:39|SynchronizeDatabase.Db_Wind_CICC.SyncIndexComp|INFO] Successfully connected!
[2016-03-18 11:01:39|SynchronizeDatabase.Db_Wind_CICC.SyncIndexComp|INFO] Check remote database...
[2016-03-18 11:01:39|SynchronizeDatabase.Db_Wind_CICC.SyncIndexComp|INFO] Check remote table: 'WINDDB.TB_OBJECT_1420'('IndexComp')
[2016-03-18 11:01:39|SynchronizeDatabase.Db_Wind_CICC.SyncIndexComp|INFO] Check remote table: 'WINDDB.TB_OBJECT_1476'('SWIndustry1st')
[2016-03-18 11:01:39|SynchronizeDatabase.Db_Wind_CICC.SyncIndexComp|INFO] Connecting to local database 'MktGenInfo\IndexComp_Wind_CICC.db'
[2016-03-18 11:01:39|SynchronizeDatabase.Db_Wind_CICC.SyncIndexComp|INFO] Check local database...
[2016-03-18 11:01:39|SynchronizeDatabase.Db_Wind_CICC.SyncIndexComp|INFO] Check local table: 'IndexComp'
[2016-03-18 11:01:39|SynchronizeDatabase.Db_Wind_CICC.SyncIndexComp|INFO] Check local table: 'SWIndustry1st'
[2016-03-18 11:01:39|SynchronizeDatabase.Db_Wind_CICC.SyncIndexComp|INFO] Syncronizing...
[2016-03-18 11:01:39|SynchronizeDatabase.Db_Wind_CICC.SyncIndexComp|INFO] Create local table: IndexComp
[2016-03-18 11:01:39|SynchronizeDatabase.Db_Wind_CICC.SyncIndexComp|INFO]   Update table:WINDDB.TB_OBJECT_1420
[2016-03-18 11:01:44|SynchronizeDatabase.Db_Wind_CICC.SyncIndexComp|INFO] Create local table: SWIndustry1st
[2016-03-18 11:01:44|SynchronizeDatabase.Db_Wind_CICC.SyncIndexComp|INFO]   Update table:WINDDB.TB_OBJECT_1476
