[2016-03-31 18:33:21|BuildPITFundamentalDatabase|INFO] <GetIndexConstituentStocks>-Load data table IndexConstituent
[2016-03-31 18:33:21|BuildPITFundamentalDatabase|INFO] <GetIndexConstituentStocks>-Load table sywg industry classification
[2016-03-31 18:33:21|BuildPITFundamentalDatabase|INFO] <GetIndexConstituentStocks>-Create index on table IndexConstituent
[2016-03-31 18:33:21|BuildPITFundamentalDatabase|INFO] <GetIndexConstituentStocks>-Create index on table sywg industry classification
[2016-03-31 18:33:21|BuildPITFundamentalDatabase|INFO] <BuildPointInTimeFundamentalDatabase>-Load financial report item Accruals
[2016-03-31 18:33:21|BuildPITFundamentalDatabase|INFO] <BuildPointInTimeFundamentalDatabase>-Load financial report item Accruals_TTM
[2016-03-31 18:33:21|BuildPITFundamentalDatabase|INFO] <BuildPointInTimeFundamentalDatabase>-Load financial report item CapEx
[2016-03-31 18:33:21|BuildPITFundamentalDatabase|INFO] <BuildPointInTimeFundamentalDatabase>-Load financial report item CapEx_TTM
[2016-03-31 18:33:21|BuildPITFundamentalDatabase|INFO] <BuildPointInTimeFundamentalDatabase>-Load financial report item CapitalEmployed
[2016-03-31 18:33:21|BuildPITFundamentalDatabase|INFO] <BuildPointInTimeFundamentalDatabase>-Load financial report item Cash
[2016-03-31 18:33:21|BuildPITFundamentalDatabase|INFO] <BuildPointInTimeFundamentalDatabase>-Load financial report item CFO
[2016-03-31 18:33:21|BuildPITFundamentalDatabase|INFO] <BuildPointInTimeFundamentalDatabase>-Load financial report item CFO_TTM
[2016-03-31 18:33:21|BuildPITFundamentalDatabase|INFO] <BuildPointInTimeFundamentalDatabase>-Load financial report item CFO_TTM_1Y_Ago
[2016-03-31 18:33:21|BuildPITFundamentalDatabase|INFO] <BuildPointInTimeFundamentalDatabase>-Load financial report item COGS
[2016-03-31 18:33:21|BuildPITFundamentalDatabase|INFO] <BuildPointInTimeFundamentalDatabase>-Load financial report item COGS_TTM
[2016-03-31 18:33:21|BuildPITFundamentalDatabase|INFO] <BuildPointInTimeFundamentalDatabase>-Load financial report item CurAssets
[2016-03-31 18:33:21|BuildPITFundamentalDatabase|INFO] <BuildPointInTimeFundamentalDatabase>-Load financial report item CurLiab
[2016-03-31 18:33:21|BuildPITFundamentalDatabase|INFO] <BuildPointInTimeFundamentalDatabase>-Load financial report item DeferredTaxNetLiab
[2016-03-31 18:33:21|BuildPITFundamentalDatabase|INFO] <BuildPointInTimeFundamentalDatabase>-Load financial report item DeferredTaxNetLiab_1Y_Ago
[2016-03-31 18:33:21|BuildPITFundamentalDatabase|INFO] <BuildPointInTimeFundamentalDatabase>-Load financial report item DeprAndAmort_TTM
[2016-03-31 18:33:21|BuildPITFundamentalDatabase|INFO] <BuildPointInTimeFundamentalDatabase>-Load financial report item DeprAndAmort_TTM_E
[2016-03-31 18:33:21|BuildPITFundamentalDatabase|INFO] <BuildPointInTimeFundamentalDatabase>-Load financial report item Dividend_TTM
[2016-03-31 18:33:21|BuildPITFundamentalDatabase|INFO] <BuildPointInTimeFundamentalDatabase>-Load financial report item Dividend_TTM_1Y_Ago
[2016-03-31 18:33:21|BuildPITFundamentalDatabase|INFO] <BuildPointInTimeFundamentalDatabase>-Load financial report item EBIT
[2016-03-31 18:33:21|BuildPITFundamentalDatabase|INFO] <BuildPointInTimeFundamentalDatabase>-Load financial report item EBIT_TTM
[2016-03-31 18:33:21|BuildPITFundamentalDatabase|INFO] <BuildPointInTimeFundamentalDatabase>-Load financial report item Eqty2Minor
[2016-03-31 18:33:21|BuildPITFundamentalDatabase|INFO] <BuildPointInTimeFundamentalDatabase>-Load financial report item Eqty2Parent
[2016-03-31 18:33:21|BuildPITFundamentalDatabase|INFO] <BuildPointInTimeFundamentalDatabase>-Load financial report item Eqty2Parent_1Y_Ago
[2016-03-31 18:33:21|BuildPITFundamentalDatabase|INFO] <BuildPointInTimeFundamentalDatabase>-Load financial report item Eqty2Parent_2Y_Ago
[2016-03-31 18:33:21|BuildPITFundamentalDatabase|INFO] <BuildPointInTimeFundamentalDatabase>-Load financial report item ExtraodinaryItem
[2016-03-31 18:33:21|BuildPITFundamentalDatabase|INFO] <BuildPointInTimeFundamentalDatabase>-Load financial report item ExtraodinaryItem_TTM
[2016-03-31 18:33:21|BuildPITFundamentalDatabase|INFO] <BuildPointInTimeFundamentalDatabase>-Load financial report item FCF
[2016-03-31 18:33:21|BuildPITFundamentalDatabase|INFO] <BuildPointInTimeFundamentalDatabase>-Load financial report item FCF_TTM
[2016-03-31 18:33:21|BuildPITFundamentalDatabase|INFO] <BuildPointInTimeFundamentalDatabase>-Load financial report item FixedAssets
[2016-03-31 18:33:21|BuildPITFundamentalDatabase|INFO] <BuildPointInTimeFundamentalDatabase>-Load financial report item FixedAssets_1Y_Ago
[2016-03-31 18:33:21|BuildPITFundamentalDatabase|INFO] <BuildPointInTimeFundamentalDatabase>-Load financial report item GrossProfits
[2016-03-31 18:33:21|BuildPITFundamentalDatabase|INFO] <BuildPointInTimeFundamentalDatabase>-Load financial report item GrossProfits_TTM
[2016-03-31 18:33:21|BuildPITFundamentalDatabase|INFO] <BuildPointInTimeFundamentalDatabase>-Load financial report item GrossProfits_TTM_1Y_Ago
[2016-03-31 18:33:21|BuildPITFundamentalDatabase|INFO] <BuildPointInTimeFundamentalDatabase>-Load financial report item InterestExpense
[2016-03-31 18:33:21|BuildPITFundamentalDatabase|INFO] <BuildPointInTimeFundamentalDatabase>-Load financial report item InterestExpense_TTM
[2016-03-31 18:33:21|BuildPITFundamentalDatabase|INFO] <BuildPointInTimeFundamentalDatabase>-Load financial report item Inventory
[2016-03-31 18:33:21|BuildPITFundamentalDatabase|INFO] <BuildPointInTimeFundamentalDatabase>-Load financial report item Inventory_1Y_Ago
[2016-03-31 18:33:21|BuildPITFundamentalDatabase|INFO] <BuildPointInTimeFundamentalDatabase>-Load financial report item InvestedCapital1
[2016-03-31 18:33:21|BuildPITFundamentalDatabase|INFO] <BuildPointInTimeFundamentalDatabase>-Load financial report item InvestedCapital1_1Y_Ago
[2016-03-31 18:33:21|BuildPITFundamentalDatabase|INFO] <BuildPointInTimeFundamentalDatabase>-Load financial report item InvestedCapital2
[2016-03-31 18:33:21|BuildPITFundamentalDatabase|INFO] <BuildPointInTimeFundamentalDatabase>-Load financial report item InvestedCapital2_1Y_Ago
[2016-03-31 18:33:21|BuildPITFundamentalDatabase|INFO] <BuildPointInTimeFundamentalDatabase>-Load financial report item NetProfits2Parent
[2016-03-31 18:33:21|BuildPITFundamentalDatabase|INFO] <BuildPointInTimeFundamentalDatabase>-Load financial report item NetProfits2Parent_Qt
[2016-03-31 18:33:21|BuildPITFundamentalDatabase|INFO] <BuildPointInTimeFundamentalDatabase>-Load financial report item NetProfits2Parent_TTM
[2016-03-31 18:33:21|BuildPITFundamentalDatabase|INFO] <BuildPointInTimeFundamentalDatabase>-Load financial report item NetProfits2Parent_TTM_1Y_Ago
[2016-03-31 18:33:21|BuildPITFundamentalDatabase|INFO] <BuildPointInTimeFundamentalDatabase>-Load financial report item NetProfits2Parent_TTM_2Y_Ago
[2016-03-31 18:33:21|BuildPITFundamentalDatabase|INFO] <BuildPointInTimeFundamentalDatabase>-Load financial report item NetProfits2Parent_TTM_3Y_Ago
[2016-03-31 18:33:21|BuildPITFundamentalDatabase|INFO] <BuildPointInTimeFundamentalDatabase>-Load financial report item NetProfitsTotal
[2016-03-31 18:33:21|BuildPITFundamentalDatabase|INFO] <BuildPointInTimeFundamentalDatabase>-Load financial report item NetProfitsTotal_TTM
[2016-03-31 18:33:21|BuildPITFundamentalDatabase|INFO] <BuildPointInTimeFundamentalDatabase>-Load financial report item NetProfitsTotal_TTM_1Y_Ago
[2016-03-31 18:33:21|BuildPITFundamentalDatabase|INFO] <BuildPointInTimeFundamentalDatabase>-Load financial report item NOPAT
[2016-03-31 18:33:21|BuildPITFundamentalDatabase|INFO] <BuildPointInTimeFundamentalDatabase>-Load financial report item NOPAT_TTM
[2016-03-31 18:33:21|BuildPITFundamentalDatabase|INFO] <BuildPointInTimeFundamentalDatabase>-Load financial report item OperatingAssets
[2016-03-31 18:33:21|BuildPITFundamentalDatabase|INFO] <BuildPointInTimeFundamentalDatabase>-Load financial report item OperatingProfits
[2016-03-31 18:33:21|BuildPITFundamentalDatabase|INFO] <BuildPointInTimeFundamentalDatabase>-Load financial report item OperatingProfits_TTM
[2016-03-31 18:33:21|BuildPITFundamentalDatabase|INFO] <BuildPointInTimeFundamentalDatabase>-Load financial report item PreferStock
[2016-03-31 18:33:21|BuildPITFundamentalDatabase|INFO] <BuildPointInTimeFundamentalDatabase>-Load financial report item Sales
[2016-03-31 18:33:21|BuildPITFundamentalDatabase|INFO] <BuildPointInTimeFundamentalDatabase>-Load financial report item Sales_TTM
[2016-03-31 18:33:21|BuildPITFundamentalDatabase|INFO] <BuildPointInTimeFundamentalDatabase>-Load financial report item Sales_TTM_1Y_Ago
[2016-03-31 18:33:21|BuildPITFundamentalDatabase|INFO] <BuildPointInTimeFundamentalDatabase>-Load financial report item Sales_TTM_2Y_Ago
[2016-03-31 18:33:21|BuildPITFundamentalDatabase|INFO] <BuildPointInTimeFundamentalDatabase>-Load financial report item Sales_TTM_3Y_Ago
[2016-03-31 18:33:21|BuildPITFundamentalDatabase|INFO] <BuildPointInTimeFundamentalDatabase>-Load financial report item TotalAssets
[2016-03-31 18:33:21|BuildPITFundamentalDatabase|INFO] <BuildPointInTimeFundamentalDatabase>-Load financial report item TotalAssets_1Y_Ago
[2016-03-31 18:33:21|BuildPITFundamentalDatabase|INFO] <BuildPointInTimeFundamentalDatabase>-Load financial report item TotalAssets_2Y_Ago
[2016-03-31 18:33:21|BuildPITFundamentalDatabase|INFO] <BuildPointInTimeFundamentalDatabase>-Load financial report item TotalDebt
[2016-03-31 18:33:21|BuildPITFundamentalDatabase|INFO] <BuildPointInTimeFundamentalDatabase>-Load financial report item TotalEquity
[2016-03-31 18:33:21|BuildPITFundamentalDatabase|INFO] <BuildPointInTimeFundamentalDatabase>-Load financial report item TotalEquity_1Y_Ago
[2016-03-31 18:33:21|BuildPITFundamentalDatabase|INFO] <BuildPointInTimeFundamentalDatabase>-Load financial report item WorkingCapital
[2016-03-31 18:33:21|BuildPITFundamentalDatabase|INFO] <BuildPointInTimeFundamentalDatabase>-Load forecast report item ForecastNextYearEPS
[2016-03-31 18:33:21|BuildPITFundamentalDatabase|INFO] <BuildPointInTimeFundamentalDatabase>-Load forecast report item ForecastThisYearEPS
[2016-03-31 18:33:21|BuildPITFundamentalDatabase|INFO] <BuildPointInTimeFundamentalDatabase>-Create data table 'FinancialPoitInTiemData'
[2016-03-31 18:34:43|BuildPITFundamentalDatabase|INFO] <GetIndexConstituentStocks>-Load data table IndexConstituent
[2016-03-31 18:34:43|BuildPITFundamentalDatabase|INFO] <GetIndexConstituentStocks>-Load table sywg industry classification
[2016-03-31 18:34:43|BuildPITFundamentalDatabase|INFO] <GetIndexConstituentStocks>-Create index on table IndexConstituent
[2016-03-31 18:34:44|BuildPITFundamentalDatabase|INFO] <GetIndexConstituentStocks>-Create index on table sywg industry classification
[2016-03-31 18:34:44|BuildPITFundamentalDatabase|INFO] <BuildPointInTimeFundamentalDatabase>-Load financial report item Accruals
[2016-03-31 18:34:44|BuildPITFundamentalDatabase|INFO] <BuildPointInTimeFundamentalDatabase>-Load financial report item Accruals_TTM
[2016-03-31 18:34:44|BuildPITFundamentalDatabase|INFO] <BuildPointInTimeFundamentalDatabase>-Load financial report item CapEx
[2016-03-31 18:34:44|BuildPITFundamentalDatabase|INFO] <BuildPointInTimeFundamentalDatabase>-Load financial report item CapEx_TTM
[2016-03-31 18:34:44|BuildPITFundamentalDatabase|INFO] <BuildPointInTimeFundamentalDatabase>-Load financial report item CapitalEmployed
[2016-03-31 18:34:44|BuildPITFundamentalDatabase|INFO] <BuildPointInTimeFundamentalDatabase>-Load financial report item Cash
[2016-03-31 18:34:44|BuildPITFundamentalDatabase|INFO] <BuildPointInTimeFundamentalDatabase>-Load financial report item CFO
[2016-03-31 18:34:44|BuildPITFundamentalDatabase|INFO] <BuildPointInTimeFundamentalDatabase>-Load financial report item CFO_TTM
[2016-03-31 18:34:44|BuildPITFundamentalDatabase|INFO] <BuildPointInTimeFundamentalDatabase>-Load financial report item CFO_TTM_1Y_Ago
[2016-03-31 18:34:44|BuildPITFundamentalDatabase|INFO] <BuildPointInTimeFundamentalDatabase>-Load financial report item COGS
[2016-03-31 18:34:44|BuildPITFundamentalDatabase|INFO] <BuildPointInTimeFundamentalDatabase>-Load financial report item COGS_TTM
[2016-03-31 18:34:44|BuildPITFundamentalDatabase|INFO] <BuildPointInTimeFundamentalDatabase>-Load financial report item CurAssets
[2016-03-31 18:34:44|BuildPITFundamentalDatabase|INFO] <BuildPointInTimeFundamentalDatabase>-Load financial report item CurLiab
[2016-03-31 18:34:44|BuildPITFundamentalDatabase|INFO] <BuildPointInTimeFundamentalDatabase>-Load financial report item DeferredTaxNetLiab
[2016-03-31 18:34:44|BuildPITFundamentalDatabase|INFO] <BuildPointInTimeFundamentalDatabase>-Load financial report item DeferredTaxNetLiab_1Y_Ago
[2016-03-31 18:34:44|BuildPITFundamentalDatabase|INFO] <BuildPointInTimeFundamentalDatabase>-Load financial report item DeprAndAmort_TTM
[2016-03-31 18:34:44|BuildPITFundamentalDatabase|INFO] <BuildPointInTimeFundamentalDatabase>-Load financial report item DeprAndAmort_TTM_E
[2016-03-31 18:34:44|BuildPITFundamentalDatabase|INFO] <BuildPointInTimeFundamentalDatabase>-Load financial report item Dividend_TTM
[2016-03-31 18:34:44|BuildPITFundamentalDatabase|INFO] <BuildPointInTimeFundamentalDatabase>-Load financial report item Dividend_TTM_1Y_Ago
[2016-03-31 18:34:44|BuildPITFundamentalDatabase|INFO] <BuildPointInTimeFundamentalDatabase>-Load financial report item EBIT
[2016-03-31 18:34:44|BuildPITFundamentalDatabase|INFO] <BuildPointInTimeFundamentalDatabase>-Load financial report item EBIT_TTM
[2016-03-31 18:34:44|BuildPITFundamentalDatabase|INFO] <BuildPointInTimeFundamentalDatabase>-Load financial report item Eqty2Minor
[2016-03-31 18:34:44|BuildPITFundamentalDatabase|INFO] <BuildPointInTimeFundamentalDatabase>-Load financial report item Eqty2Parent
[2016-03-31 18:34:44|BuildPITFundamentalDatabase|INFO] <BuildPointInTimeFundamentalDatabase>-Load financial report item Eqty2Parent_1Y_Ago
[2016-03-31 18:34:44|BuildPITFundamentalDatabase|INFO] <BuildPointInTimeFundamentalDatabase>-Load financial report item Eqty2Parent_2Y_Ago
[2016-03-31 18:34:44|BuildPITFundamentalDatabase|INFO] <BuildPointInTimeFundamentalDatabase>-Load financial report item ExtraodinaryItem
[2016-03-31 18:34:44|BuildPITFundamentalDatabase|INFO] <BuildPointInTimeFundamentalDatabase>-Load financial report item ExtraodinaryItem_TTM
[2016-03-31 18:34:44|BuildPITFundamentalDatabase|INFO] <BuildPointInTimeFundamentalDatabase>-Load financial report item FCF
[2016-03-31 18:34:44|BuildPITFundamentalDatabase|INFO] <BuildPointInTimeFundamentalDatabase>-Load financial report item FCF_TTM
[2016-03-31 18:34:44|BuildPITFundamentalDatabase|INFO] <BuildPointInTimeFundamentalDatabase>-Load financial report item FixedAssets
[2016-03-31 18:34:44|BuildPITFundamentalDatabase|INFO] <BuildPointInTimeFundamentalDatabase>-Load financial report item FixedAssets_1Y_Ago
[2016-03-31 18:34:44|BuildPITFundamentalDatabase|INFO] <BuildPointInTimeFundamentalDatabase>-Load financial report item GrossProfits
[2016-03-31 18:34:44|BuildPITFundamentalDatabase|INFO] <BuildPointInTimeFundamentalDatabase>-Load financial report item GrossProfits_TTM
[2016-03-31 18:34:44|BuildPITFundamentalDatabase|INFO] <BuildPointInTimeFundamentalDatabase>-Load financial report item GrossProfits_TTM_1Y_Ago
[2016-03-31 18:34:44|BuildPITFundamentalDatabase|INFO] <BuildPointInTimeFundamentalDatabase>-Load financial report item InterestExpense
[2016-03-31 18:34:44|BuildPITFundamentalDatabase|INFO] <BuildPointInTimeFundamentalDatabase>-Load financial report item InterestExpense_TTM
[2016-03-31 18:34:44|BuildPITFundamentalDatabase|INFO] <BuildPointInTimeFundamentalDatabase>-Load financial report item Inventory
[2016-03-31 18:34:44|BuildPITFundamentalDatabase|INFO] <BuildPointInTimeFundamentalDatabase>-Load financial report item Inventory_1Y_Ago
[2016-03-31 18:34:44|BuildPITFundamentalDatabase|INFO] <BuildPointInTimeFundamentalDatabase>-Load financial report item InvestedCapital1
[2016-03-31 18:34:44|BuildPITFundamentalDatabase|INFO] <BuildPointInTimeFundamentalDatabase>-Load financial report item InvestedCapital1_1Y_Ago
[2016-03-31 18:34:44|BuildPITFundamentalDatabase|INFO] <BuildPointInTimeFundamentalDatabase>-Load financial report item InvestedCapital2
[2016-03-31 18:34:44|BuildPITFundamentalDatabase|INFO] <BuildPointInTimeFundamentalDatabase>-Load financial report item InvestedCapital2_1Y_Ago
[2016-03-31 18:34:44|BuildPITFundamentalDatabase|INFO] <BuildPointInTimeFundamentalDatabase>-Load financial report item NetProfits2Parent
[2016-03-31 18:34:44|BuildPITFundamentalDatabase|INFO] <BuildPointInTimeFundamentalDatabase>-Load financial report item NetProfits2Parent_Qt
[2016-03-31 18:34:44|BuildPITFundamentalDatabase|INFO] <BuildPointInTimeFundamentalDatabase>-Load financial report item NetProfits2Parent_TTM
[2016-03-31 18:34:44|BuildPITFundamentalDatabase|INFO] <BuildPointInTimeFundamentalDatabase>-Load financial report item NetProfits2Parent_TTM_1Y_Ago
[2016-03-31 18:34:44|BuildPITFundamentalDatabase|INFO] <BuildPointInTimeFundamentalDatabase>-Load financial report item NetProfits2Parent_TTM_2Y_Ago
[2016-03-31 18:34:44|BuildPITFundamentalDatabase|INFO] <BuildPointInTimeFundamentalDatabase>-Load financial report item NetProfits2Parent_TTM_3Y_Ago
[2016-03-31 18:34:44|BuildPITFundamentalDatabase|INFO] <BuildPointInTimeFundamentalDatabase>-Load financial report item NetProfitsTotal
[2016-03-31 18:34:44|BuildPITFundamentalDatabase|INFO] <BuildPointInTimeFundamentalDatabase>-Load financial report item NetProfitsTotal_TTM
[2016-03-31 18:34:44|BuildPITFundamentalDatabase|INFO] <BuildPointInTimeFundamentalDatabase>-Load financial report item NetProfitsTotal_TTM_1Y_Ago
[2016-03-31 18:34:44|BuildPITFundamentalDatabase|INFO] <BuildPointInTimeFundamentalDatabase>-Load financial report item NOPAT
[2016-03-31 18:34:44|BuildPITFundamentalDatabase|INFO] <BuildPointInTimeFundamentalDatabase>-Load financial report item NOPAT_TTM
[2016-03-31 18:34:44|BuildPITFundamentalDatabase|INFO] <BuildPointInTimeFundamentalDatabase>-Load financial report item OperatingAssets
[2016-03-31 18:34:44|BuildPITFundamentalDatabase|INFO] <BuildPointInTimeFundamentalDatabase>-Load financial report item OperatingProfits
[2016-03-31 18:34:44|BuildPITFundamentalDatabase|INFO] <BuildPointInTimeFundamentalDatabase>-Load financial report item OperatingProfits_TTM
[2016-03-31 18:34:44|BuildPITFundamentalDatabase|INFO] <BuildPointInTimeFundamentalDatabase>-Load financial report item PreferStock
[2016-03-31 18:34:44|BuildPITFundamentalDatabase|INFO] <BuildPointInTimeFundamentalDatabase>-Load financial report item Sales
[2016-03-31 18:34:44|BuildPITFundamentalDatabase|INFO] <BuildPointInTimeFundamentalDatabase>-Load financial report item Sales_TTM
[2016-03-31 18:34:44|BuildPITFundamentalDatabase|INFO] <BuildPointInTimeFundamentalDatabase>-Load financial report item Sales_TTM_1Y_Ago
[2016-03-31 18:34:44|BuildPITFundamentalDatabase|INFO] <BuildPointInTimeFundamentalDatabase>-Load financial report item Sales_TTM_2Y_Ago
[2016-03-31 18:34:44|BuildPITFundamentalDatabase|INFO] <BuildPointInTimeFundamentalDatabase>-Load financial report item Sales_TTM_3Y_Ago
[2016-03-31 18:34:44|BuildPITFundamentalDatabase|INFO] <BuildPointInTimeFundamentalDatabase>-Load financial report item TotalAssets
[2016-03-31 18:34:44|BuildPITFundamentalDatabase|INFO] <BuildPointInTimeFundamentalDatabase>-Load financial report item TotalAssets_1Y_Ago
[2016-03-31 18:34:44|BuildPITFundamentalDatabase|INFO] <BuildPointInTimeFundamentalDatabase>-Load financial report item TotalAssets_2Y_Ago
[2016-03-31 18:34:44|BuildPITFundamentalDatabase|INFO] <BuildPointInTimeFundamentalDatabase>-Load financial report item TotalDebt
[2016-03-31 18:34:44|BuildPITFundamentalDatabase|INFO] <BuildPointInTimeFundamentalDatabase>-Load financial report item TotalEquity
[2016-03-31 18:34:44|BuildPITFundamentalDatabase|INFO] <BuildPointInTimeFundamentalDatabase>-Load financial report item TotalEquity_1Y_Ago
[2016-03-31 18:34:44|BuildPITFundamentalDatabase|INFO] <BuildPointInTimeFundamentalDatabase>-Load financial report item WorkingCapital
[2016-03-31 18:34:44|BuildPITFundamentalDatabase|INFO] <BuildPointInTimeFundamentalDatabase>-Load forecast report item ForecastNextYearEPS
[2016-03-31 18:34:44|BuildPITFundamentalDatabase|INFO] <BuildPointInTimeFundamentalDatabase>-Load forecast report item ForecastThisYearEPS
[2016-03-31 18:34:44|BuildPITFundamentalDatabase|INFO] <BuildPointInTimeFundamentalDatabase>-Create data table 'FinancialPointInTimeData'
[2016-03-31 18:34:44|BuildPITFundamentalDatabase|INFO] <BuildPointInTimeFundamentalDatabase>-Create data table 'ForecastPointInTImeData'
[2016-03-31 18:35:07|BuildPITFundamentalDatabase|INFO] <GetIndexConstituentStocks>-Load data table IndexConstituent
[2016-03-31 18:35:07|BuildPITFundamentalDatabase|INFO] <GetIndexConstituentStocks>-Load table sywg industry classification
[2016-03-31 18:35:07|BuildPITFundamentalDatabase|INFO] <GetIndexConstituentStocks>-Create index on table IndexConstituent
[2016-03-31 18:35:07|BuildPITFundamentalDatabase|INFO] <GetIndexConstituentStocks>-Create index on table sywg industry classification
[2016-03-31 18:35:07|BuildPITFundamentalDatabase|INFO] <BuildPointInTimeFundamentalDatabase>-Load financial report item Accruals
[2016-03-31 18:35:07|BuildPITFundamentalDatabase|INFO] <BuildPointInTimeFundamentalDatabase>-Load financial report item Accruals_TTM
[2016-03-31 18:35:07|BuildPITFundamentalDatabase|INFO] <BuildPointInTimeFundamentalDatabase>-Load financial report item CapEx
[2016-03-31 18:35:07|BuildPITFundamentalDatabase|INFO] <BuildPointInTimeFundamentalDatabase>-Load financial report item CapEx_TTM
[2016-03-31 18:35:07|BuildPITFundamentalDatabase|INFO] <BuildPointInTimeFundamentalDatabase>-Load financial report item CapitalEmployed
[2016-03-31 18:35:07|BuildPITFundamentalDatabase|INFO] <BuildPointInTimeFundamentalDatabase>-Load financial report item Cash
[2016-03-31 18:35:07|BuildPITFundamentalDatabase|INFO] <BuildPointInTimeFundamentalDatabase>-Load financial report item CFO
[2016-03-31 18:35:07|BuildPITFundamentalDatabase|INFO] <BuildPointInTimeFundamentalDatabase>-Load financial report item CFO_TTM
[2016-03-31 18:35:07|BuildPITFundamentalDatabase|INFO] <BuildPointInTimeFundamentalDatabase>-Load financial report item CFO_TTM_1Y_Ago
[2016-03-31 18:35:07|BuildPITFundamentalDatabase|INFO] <BuildPointInTimeFundamentalDatabase>-Load financial report item COGS
[2016-03-31 18:35:07|BuildPITFundamentalDatabase|INFO] <BuildPointInTimeFundamentalDatabase>-Load financial report item COGS_TTM
[2016-03-31 18:35:07|BuildPITFundamentalDatabase|INFO] <BuildPointInTimeFundamentalDatabase>-Load financial report item CurAssets
[2016-03-31 18:35:07|BuildPITFundamentalDatabase|INFO] <BuildPointInTimeFundamentalDatabase>-Load financial report item CurLiab
[2016-03-31 18:35:07|BuildPITFundamentalDatabase|INFO] <BuildPointInTimeFundamentalDatabase>-Load financial report item DeferredTaxNetLiab
[2016-03-31 18:35:07|BuildPITFundamentalDatabase|INFO] <BuildPointInTimeFundamentalDatabase>-Load financial report item DeferredTaxNetLiab_1Y_Ago
[2016-03-31 18:35:07|BuildPITFundamentalDatabase|INFO] <BuildPointInTimeFundamentalDatabase>-Load financial report item DeprAndAmort_TTM
[2016-03-31 18:35:07|BuildPITFundamentalDatabase|INFO] <BuildPointInTimeFundamentalDatabase>-Load financial report item DeprAndAmort_TTM_E
[2016-03-31 18:35:07|BuildPITFundamentalDatabase|INFO] <BuildPointInTimeFundamentalDatabase>-Load financial report item Dividend_TTM
[2016-03-31 18:35:07|BuildPITFundamentalDatabase|INFO] <BuildPointInTimeFundamentalDatabase>-Load financial report item Dividend_TTM_1Y_Ago
[2016-03-31 18:35:07|BuildPITFundamentalDatabase|INFO] <BuildPointInTimeFundamentalDatabase>-Load financial report item EBIT
[2016-03-31 18:35:07|BuildPITFundamentalDatabase|INFO] <BuildPointInTimeFundamentalDatabase>-Load financial report item EBIT_TTM
[2016-03-31 18:35:07|BuildPITFundamentalDatabase|INFO] <BuildPointInTimeFundamentalDatabase>-Load financial report item Eqty2Minor
[2016-03-31 18:35:07|BuildPITFundamentalDatabase|INFO] <BuildPointInTimeFundamentalDatabase>-Load financial report item Eqty2Parent
[2016-03-31 18:35:07|BuildPITFundamentalDatabase|INFO] <BuildPointInTimeFundamentalDatabase>-Load financial report item Eqty2Parent_1Y_Ago
[2016-03-31 18:35:07|BuildPITFundamentalDatabase|INFO] <BuildPointInTimeFundamentalDatabase>-Load financial report item Eqty2Parent_2Y_Ago
[2016-03-31 18:35:07|BuildPITFundamentalDatabase|INFO] <BuildPointInTimeFundamentalDatabase>-Load financial report item ExtraodinaryItem
[2016-03-31 18:35:07|BuildPITFundamentalDatabase|INFO] <BuildPointInTimeFundamentalDatabase>-Load financial report item ExtraodinaryItem_TTM
[2016-03-31 18:35:07|BuildPITFundamentalDatabase|INFO] <BuildPointInTimeFundamentalDatabase>-Load financial report item FCF
[2016-03-31 18:35:07|BuildPITFundamentalDatabase|INFO] <BuildPointInTimeFundamentalDatabase>-Load financial report item FCF_TTM
[2016-03-31 18:35:07|BuildPITFundamentalDatabase|INFO] <BuildPointInTimeFundamentalDatabase>-Load financial report item FixedAssets
[2016-03-31 18:35:07|BuildPITFundamentalDatabase|INFO] <BuildPointInTimeFundamentalDatabase>-Load financial report item FixedAssets_1Y_Ago
[2016-03-31 18:35:07|BuildPITFundamentalDatabase|INFO] <BuildPointInTimeFundamentalDatabase>-Load financial report item GrossProfits
[2016-03-31 18:35:07|BuildPITFundamentalDatabase|INFO] <BuildPointInTimeFundamentalDatabase>-Load financial report item GrossProfits_TTM
[2016-03-31 18:35:07|BuildPITFundamentalDatabase|INFO] <BuildPointInTimeFundamentalDatabase>-Load financial report item GrossProfits_TTM_1Y_Ago
[2016-03-31 18:35:07|BuildPITFundamentalDatabase|INFO] <BuildPointInTimeFundamentalDatabase>-Load financial report item InterestExpense
[2016-03-31 18:35:07|BuildPITFundamentalDatabase|INFO] <BuildPointInTimeFundamentalDatabase>-Load financial report item InterestExpense_TTM
[2016-03-31 18:35:07|BuildPITFundamentalDatabase|INFO] <BuildPointInTimeFundamentalDatabase>-Load financial report item Inventory
[2016-03-31 18:35:07|BuildPITFundamentalDatabase|INFO] <BuildPointInTimeFundamentalDatabase>-Load financial report item Inventory_1Y_Ago
[2016-03-31 18:35:07|BuildPITFundamentalDatabase|INFO] <BuildPointInTimeFundamentalDatabase>-Load financial report item InvestedCapital1
[2016-03-31 18:35:07|BuildPITFundamentalDatabase|INFO] <BuildPointInTimeFundamentalDatabase>-Load financial report item InvestedCapital1_1Y_Ago
[2016-03-31 18:35:07|BuildPITFundamentalDatabase|INFO] <BuildPointInTimeFundamentalDatabase>-Load financial report item InvestedCapital2
[2016-03-31 18:35:07|BuildPITFundamentalDatabase|INFO] <BuildPointInTimeFundamentalDatabase>-Load financial report item InvestedCapital2_1Y_Ago
[2016-03-31 18:35:07|BuildPITFundamentalDatabase|INFO] <BuildPointInTimeFundamentalDatabase>-Load financial report item NetProfits2Parent
[2016-03-31 18:35:07|BuildPITFundamentalDatabase|INFO] <BuildPointInTimeFundamentalDatabase>-Load financial report item NetProfits2Parent_Qt
[2016-03-31 18:35:07|BuildPITFundamentalDatabase|INFO] <BuildPointInTimeFundamentalDatabase>-Load financial report item NetProfits2Parent_TTM
[2016-03-31 18:35:07|BuildPITFundamentalDatabase|INFO] <BuildPointInTimeFundamentalDatabase>-Load financial report item NetProfits2Parent_TTM_1Y_Ago
[2016-03-31 18:35:07|BuildPITFundamentalDatabase|INFO] <BuildPointInTimeFundamentalDatabase>-Load financial report item NetProfits2Parent_TTM_2Y_Ago
[2016-03-31 18:35:07|BuildPITFundamentalDatabase|INFO] <BuildPointInTimeFundamentalDatabase>-Load financial report item NetProfits2Parent_TTM_3Y_Ago
[2016-03-31 18:35:07|BuildPITFundamentalDatabase|INFO] <BuildPointInTimeFundamentalDatabase>-Load financial report item NetProfitsTotal
[2016-03-31 18:35:07|BuildPITFundamentalDatabase|INFO] <BuildPointInTimeFundamentalDatabase>-Load financial report item NetProfitsTotal_TTM
[2016-03-31 18:35:07|BuildPITFundamentalDatabase|INFO] <BuildPointInTimeFundamentalDatabase>-Load financial report item NetProfitsTotal_TTM_1Y_Ago
[2016-03-31 18:35:07|BuildPITFundamentalDatabase|INFO] <BuildPointInTimeFundamentalDatabase>-Load financial report item NOPAT
[2016-03-31 18:35:07|BuildPITFundamentalDatabase|INFO] <BuildPointInTimeFundamentalDatabase>-Load financial report item NOPAT_TTM
[2016-03-31 18:35:07|BuildPITFundamentalDatabase|INFO] <BuildPointInTimeFundamentalDatabase>-Load financial report item OperatingAssets
[2016-03-31 18:35:07|BuildPITFundamentalDatabase|INFO] <BuildPointInTimeFundamentalDatabase>-Load financial report item OperatingProfits
[2016-03-31 18:35:07|BuildPITFundamentalDatabase|INFO] <BuildPointInTimeFundamentalDatabase>-Load financial report item OperatingProfits_TTM
[2016-03-31 18:35:07|BuildPITFundamentalDatabase|INFO] <BuildPointInTimeFundamentalDatabase>-Load financial report item PreferStock
[2016-03-31 18:35:07|BuildPITFundamentalDatabase|INFO] <BuildPointInTimeFundamentalDatabase>-Load financial report item Sales
[2016-03-31 18:35:07|BuildPITFundamentalDatabase|INFO] <BuildPointInTimeFundamentalDatabase>-Load financial report item Sales_TTM
[2016-03-31 18:35:07|BuildPITFundamentalDatabase|INFO] <BuildPointInTimeFundamentalDatabase>-Load financial report item Sales_TTM_1Y_Ago
[2016-03-31 18:35:07|BuildPITFundamentalDatabase|INFO] <BuildPointInTimeFundamentalDatabase>-Load financial report item Sales_TTM_2Y_Ago
[2016-03-31 18:35:07|BuildPITFundamentalDatabase|INFO] <BuildPointInTimeFundamentalDatabase>-Load financial report item Sales_TTM_3Y_Ago
[2016-03-31 18:35:07|BuildPITFundamentalDatabase|INFO] <BuildPointInTimeFundamentalDatabase>-Load financial report item TotalAssets
[2016-03-31 18:35:07|BuildPITFundamentalDatabase|INFO] <BuildPointInTimeFundamentalDatabase>-Load financial report item TotalAssets_1Y_Ago
[2016-03-31 18:35:07|BuildPITFundamentalDatabase|INFO] <BuildPointInTimeFundamentalDatabase>-Load financial report item TotalAssets_2Y_Ago
[2016-03-31 18:35:07|BuildPITFundamentalDatabase|INFO] <BuildPointInTimeFundamentalDatabase>-Load financial report item TotalDebt
[2016-03-31 18:35:07|BuildPITFundamentalDatabase|INFO] <BuildPointInTimeFundamentalDatabase>-Load financial report item TotalEquity
[2016-03-31 18:35:07|BuildPITFundamentalDatabase|INFO] <BuildPointInTimeFundamentalDatabase>-Load financial report item TotalEquity_1Y_Ago
[2016-03-31 18:35:07|BuildPITFundamentalDatabase|INFO] <BuildPointInTimeFundamentalDatabase>-Load financial report item WorkingCapital
[2016-03-31 18:35:07|BuildPITFundamentalDatabase|INFO] <BuildPointInTimeFundamentalDatabase>-Load forecast report item ForecastNextYearEPS
[2016-03-31 18:35:07|BuildPITFundamentalDatabase|INFO] <BuildPointInTimeFundamentalDatabase>-Load forecast report item ForecastThisYearEPS
[2016-03-31 18:35:07|BuildPITFundamentalDatabase|INFO] <BuildPointInTimeFundamentalDatabase>-Create data table 'FinancialPointInTimeData'
[2016-03-31 18:35:07|BuildPITFundamentalDatabase|INFO] <BuildPointInTimeFundamentalDatabase>-Create data table 'ForecastPointInTImeData'
