[2016-04-20 10:34:09|ComputeFactorICs|INFO] <ComputeFactorICs>-Load local database into in-memory database
[2016-04-20 10:47:27|ComputeFactorICs|INFO] <ComputeFactorICs>-Load local database into in-memory database
[2016-04-20 10:49:12|ComputeFactorICs|INFO] <ComputeFactorICs>-Done
[2016-04-20 11:13:22|ComputeFactorICs|INFO] <ComputeFactorICs>-Load local database into in-memory database
[2016-04-20 11:13:42|ComputeFactorICs|INFO] <ComputeFactorICs>-Done
[2016-04-20 11:17:56|ComputeFactorICs|INFO] <ComputeFactorICs>-Load local database into in-memory database
[2016-04-20 11:18:14|ComputeFactorICs|INFO] <ComputeFactorICs>-Done
[2016-04-20 11:18:31|ComputeFactorICs|INFO] <ComputeFactorICs>-Load local database into in-memory database
[2016-04-20 11:18:51|ComputeFactorICs|INFO] <ComputeFactorICs>-Done
[2016-04-20 11:19:50|ComputeFactorICs|INFO] <ComputeFactorICs>-Load local database into in-memory database
[2016-04-20 11:20:09|ComputeFactorICs|INFO] <ComputeFactorICs>-Done
[2016-04-20 11:20:48|ComputeFactorICs|INFO] <ComputeFactorICs>-Load local database into in-memory database
[2016-04-20 11:21:06|ComputeFactorICs|INFO] <ComputeFactorICs>-Done
[2016-04-20 11:27:17|ComputeFactorICs|INFO] <ComputeFactorICs>-Load local database into in-memory database
[2016-04-20 11:27:37|ComputeFactorICs|INFO] <ComputeFactorICs>-Done
[2016-04-20 11:29:07|ComputeFactorICs|INFO] <ComputeFactorICs>-Load local database into in-memory database
[2016-04-20 11:29:27|ComputeFactorICs|INFO] <ComputeFactorICs>-Done
[2016-04-20 11:31:26|ComputeFactorICs|INFO] <ComputeFactorICs>-Load local database into in-memory database
[2016-04-20 11:31:45|ComputeFactorICs|INFO] <ComputeFactorICs>-Done
[2016-04-20 12:10:54|ComputeFactorICs|INFO] <ComputeFactorICs>-Load local database into in-memory database
[2016-04-20 12:11:12|ComputeFactorICs|INFO] <ComputeFactorICs>-Done
[2016-04-20 12:12:20|ComputeFactorICs|INFO] <ComputeFactorICs>-Load local database into in-memory database
[2016-04-20 12:12:38|ComputeFactorICs|INFO] <ComputeFactorICs>-Done
[2016-04-20 12:14:45|ComputeFactorICs|INFO] <ComputeFactorICs>-Load local database into in-memory database
[2016-04-20 12:15:03|ComputeFactorICs|INFO] <ComputeFactorICs>-Done
[2016-04-20 12:16:16|ComputeFactorICs|INFO] <ComputeFactorICs>-Load local database into in-memory database
[2016-04-20 12:16:34|ComputeFactorICs|INFO] <ComputeFactorICs>-Done
[2016-04-20 13:37:24|ComputeFactorICs|INFO] <ComputeFactorICs>-Load local database into in-memory database
[2016-04-20 13:37:41|ComputeFactorICs|INFO] <ComputeFactorICs>-Done
[2016-04-20 13:58:05|ComputeFactorICs|INFO] <ComputeFactorICs>-Load local database into in-memory database
[2016-04-20 13:58:24|ComputeFactorICs|INFO] <ComputeFactorICs>-Done
[2016-04-20 13:59:13|ComputeFactorICs|INFO] <ComputeFactorICs>-Load local database into in-memory database
[2016-04-20 13:59:32|ComputeFactorICs|INFO] <ComputeFactorICs>-Done
[2016-04-20 14:10:51|ComputeFactorICs|INFO] <ComputeFactorICs>-Load local database into in-memory database
[2016-04-20 14:11:09|ComputeFactorICs|INFO] <ComputeFactorICs>-Done
[2016-04-20 14:13:33|ComputeFactorICs|INFO] <ComputeFactorICs>-Load local database into in-memory database
[2016-04-20 14:13:52|ComputeFactorICs|INFO] <ComputeFactorICs>-Done
[2016-04-20 14:16:12|ComputeFactorICs|INFO] <ComputeFactorICs>-Load local database into in-memory database
[2016-04-20 14:16:30|ComputeFactorICs|INFO] <ComputeFactorICs>-Done
[2016-04-20 14:17:16|ComputeFactorICs|INFO] <ComputeFactorICs>-Load local database into in-memory database
[2016-04-20 14:17:35|ComputeFactorICs|INFO] <ComputeFactorICs>-Done
[2016-04-20 14:26:06|ComputeFactorICs|INFO] <ComputeFactorICs>-Load local database into in-memory database
[2016-04-20 14:26:26|ComputeFactorICs|INFO] <ComputeFactorICs>-Done
[2016-04-20 14:31:26|ComputeFactorICs|INFO] <ComputeFactorICs>-Load local database into in-memory database
[2016-04-20 14:31:46|ComputeFactorICs|INFO] <ComputeFactorICs>-Done
[2016-04-20 14:32:14|ComputeFactorICs|INFO] <ComputeFactorICs>-Load local database into in-memory database
[2016-04-20 14:32:34|ComputeFactorICs|INFO] <ComputeFactorICs>-Done
[2016-04-20 14:34:50|ComputeFactorICs|INFO] <ComputeFactorICs>-Load local database into in-memory database
[2016-04-20 14:35:07|ComputeFactorICs|INFO] <ComputeFactorICs>-Done
[2016-04-20 14:43:01|ComputeFactorICs|INFO] <ComputeFactorICs>-Load local database into in-memory database
[2016-04-20 14:43:20|ComputeFactorICs|INFO] <ComputeFactorICs>-Done
[2016-04-20 14:45:55|ComputeFactorICs|INFO] <ComputeFactorICs>-Load local database into in-memory database
[2016-04-20 14:46:15|ComputeFactorICs|INFO] <ComputeFactorICs>-Done
[2016-04-20 14:56:16|ComputeFactorICs|INFO] <ComputeFactorICs>-Load local database into in-memory database
[2016-04-20 14:56:36|ComputeFactorICs|INFO] <ComputeFactorICs>-Done
[2016-04-20 15:08:07|ComputeFactorICs|INFO] <ComputeFactorICs>-Load local database into in-memory database
[2016-04-20 15:08:27|ComputeFactorICs|INFO] <ComputeFactorICs>-Done
[2016-04-20 15:09:30|ComputeFactorICs|INFO] <ComputeFactorICs>-Load local database into in-memory database
[2016-04-20 15:09:50|ComputeFactorICs|INFO] <ComputeFactorICs>-Done
[2016-04-20 15:10:32|ComputeFactorICs|INFO] <ComputeFactorICs>-Load local database into in-memory database
[2016-04-20 15:10:52|ComputeFactorICs|INFO] <ComputeFactorICs>-Done
[2016-04-20 15:15:19|ComputeFactorICs|INFO] <ComputeFactorICs>-Load local database into in-memory database
[2016-04-20 15:15:38|ComputeFactorICs|INFO] <ComputeFactorICs>-Done
[2016-04-20 15:17:03|ComputeFactorICs|INFO] <ComputeFactorICs>-Load local database into in-memory database
[2016-04-20 15:17:22|ComputeFactorICs|INFO] <ComputeFactorICs>-Done
[2016-04-20 15:18:41|ComputeFactorICs|INFO] <ComputeFactorICs>-Load local database into in-memory database
[2016-04-20 15:19:01|ComputeFactorICs|INFO] <ComputeFactorICs>-Done
[2016-04-20 15:22:46|ComputeFactorICs|INFO] <ComputeFactorICs>-Load local database into in-memory database
[2016-04-20 15:23:05|ComputeFactorICs|INFO] <ComputeFactorICs>-Done
[2016-04-20 15:25:06|ComputeFactorICs|INFO] <ComputeFactorICs>-Load local database into in-memory database
[2016-04-20 15:25:25|ComputeFactorICs|INFO] <ComputeFactorICs>-Done
[2016-04-20 15:25:55|ComputeFactorICs|INFO] <ComputeFactorICs>-Load local database into in-memory database
[2016-04-20 15:26:14|ComputeFactorICs|INFO] <ComputeFactorICs>-Done
[2016-04-20 15:26:38|ComputeFactorICs|INFO] <ComputeFactorICs>-Load local database into in-memory database
[2016-04-20 15:26:58|ComputeFactorICs|INFO] <ComputeFactorICs>-Done
[2016-04-20 15:27:46|ComputeFactorICs|INFO] <ComputeFactorICs>-Load local database into in-memory database
[2016-04-20 15:28:06|ComputeFactorICs|INFO] <ComputeFactorICs>-Done
[2016-04-20 15:35:17|ComputeFactorICs|INFO] <ComputeFactorICs>-Load local database into in-memory database
[2016-04-20 15:36:10|ComputeFactorICs|INFO] <ComputeFactorICs>-Load local database into in-memory database
[2016-04-20 15:36:30|ComputeFactorICs|INFO] <ComputeFactorICs>-Done
[2016-04-20 15:51:59|ComputeFactorICs|INFO] <ComputeFactorICs>-Load local database into in-memory database
[2016-04-20 15:52:18|ComputeFactorICs|INFO] <ComputeFactorICs>-Done
[2016-04-20 16:03:56|ComputeFactorICs|INFO] <ComputeFactorICs>-Load local database into in-memory database
[2016-04-20 16:04:15|ComputeFactorICs|INFO] <ComputeFactorICs>-Done
[2016-04-20 16:05:42|ComputeFactorICs|INFO] <ComputeFactorICs>-Load local database into in-memory database
[2016-04-20 16:06:02|ComputeFactorICs|INFO] <ComputeFactorICs>-Done
[2016-04-20 16:50:56|ComputeFactorICs|INFO] <ComputeFactorICs>-Load local database into in-memory database
[2016-04-20 16:51:15|ComputeFactorICs|INFO] <ComputeFactorICs>-Done
[2016-04-20 16:51:50|ComputeFactorICs|INFO] <ComputeFactorICs>-Load local database into in-memory database
[2016-04-20 16:52:09|ComputeFactorICs|INFO] <ComputeFactorICs>-Done
[2016-04-21 11:15:43|ComputeFactorICs|INFO] <ComputeFactorICs>-Load local database into in-memory database
[2016-04-21 11:17:29|ComputeFactorICs|INFO] <ComputeFactorICs>-Done
[2016-04-21 13:25:59|ComputeFactorICs|INFO] <ComputeFactorICs>-Load local database into in-memory database
[2016-04-21 13:26:14|ComputeFactorICs|INFO] <ComputeFactorICs>-Done
[2016-04-21 13:27:47|ComputeFactorICs|INFO] <ComputeFactorICs>-Load local database into in-memory database
[2016-04-21 13:28:03|ComputeFactorICs|INFO] <ComputeFactorICs>-Done
[2016-04-21 13:30:29|ComputeFactorICs|INFO] <ComputeFactorICs>-Load local database into in-memory database
[2016-04-21 13:30:45|ComputeFactorICs|INFO] <ComputeFactorICs>-Done
[2016-04-21 14:02:02|ComputeFactorICs|INFO] <ComputeFactorICs>-Load local database into in-memory database
[2016-04-21 14:02:18|ComputeFactorICs|INFO] <ComputeFactorICs>-Done
[2016-04-21 14:04:08|ComputeFactorICs|INFO] <ComputeFactorICs>-Load local database into in-memory database
[2016-04-21 14:04:24|ComputeFactorICs|INFO] <ComputeFactorICs>-Done
[2016-04-21 14:06:46|ComputeFactorICs|INFO] <ComputeFactorICs>-Load local database into in-memory database
[2016-04-21 14:07:01|ComputeFactorICs|INFO] <ComputeFactorICs>-Done
[2016-04-21 14:15:16|ComputeFactorICs|INFO] <ComputeFactorICs>-Load local database into in-memory database
[2016-04-21 14:15:32|ComputeFactorICs|INFO] <ComputeFactorICs>-Done
[2016-04-21 14:24:57|ComputeFactorICs|INFO] <ComputeFactorICs>-Load local database into in-memory database
[2016-04-21 14:25:13|ComputeFactorICs|INFO] <ComputeFactorICs>-Done
[2016-04-21 14:29:53|ComputeFactorICs|INFO] <ComputeFactorICs>-Load local database into in-memory database
[2016-04-21 14:47:22|ComputeFactorICs|INFO] <ComputeFactorICs>-Load local database into in-memory database
[2016-04-21 14:47:38|ComputeFactorICs|INFO] <ComputeFactorICs>-Done
[2016-04-21 15:11:11|ComputeFactorICs|INFO] <ComputeFactorICs>-Load local database into in-memory database
[2016-04-21 15:11:27|ComputeFactorICs|INFO] <ComputeFactorICs>-Done
[2016-04-21 15:12:13|ComputeFactorICs|INFO] <ComputeFactorICs>-Load local database into in-memory database
[2016-04-21 15:12:28|ComputeFactorICs|INFO] <ComputeFactorICs>-Done
[2016-04-21 15:13:29|ComputeFactorICs|INFO] <ComputeFactorICs>-Load local database into in-memory database
[2016-04-21 15:13:44|ComputeFactorICs|INFO] <ComputeFactorICs>-Done
[2016-04-21 15:15:17|ComputeFactorICs|INFO] <ComputeFactorICs>-Load local database into in-memory database
[2016-04-21 15:15:33|ComputeFactorICs|INFO] <ComputeFactorICs>-Done
[2016-04-21 15:17:52|ComputeFactorICs|INFO] <ComputeFactorICs>-Load local database into in-memory database
[2016-04-21 15:18:07|ComputeFactorICs|INFO] <ComputeFactorICs>-Done
[2016-04-21 15:23:06|ComputeFactorICs|INFO] <ComputeFactorICs>-Load local database into in-memory database
[2016-04-21 15:23:22|ComputeFactorICs|INFO] <ComputeFactorICs>-Done
[2016-05-26 10:16:43|mf|INFO] <GetIndexConstituentStocks>-Load table IndexConstituent
[2016-05-26 10:16:43|mf|INFO] <GetIndexConstituentStocks>-Load table sywg industry classification
[2016-05-26 10:16:43|mf|INFO] <GetIndexConstituentStocks>-Create index on table IndexConstituent
[2016-05-26 10:16:43|mf|INFO] <GetIndexConstituentStocks>-Create index on table sywg industry classification
[2016-05-26 10:17:00|mf|INFO] <GetIndexConstituentStocks>-Load table IndexConstituent
[2016-05-26 10:17:00|mf|INFO] <GetIndexConstituentStocks>-Load table sywg industry classification
[2016-05-26 10:17:00|mf|INFO] <GetIndexConstituentStocks>-Create index on table IndexConstituent
[2016-05-26 10:17:00|mf|INFO] <GetIndexConstituentStocks>-Create index on table sywg industry classification
[2016-05-26 10:18:20|mf|INFO] <GetIndexConstituentStocks>-Load table IndexConstituent
[2016-05-26 10:18:20|mf|INFO] <GetIndexConstituentStocks>-Load table sywg industry classification
[2016-05-26 10:18:20|mf|INFO] <GetIndexConstituentStocks>-Create index on table IndexConstituent
[2016-05-26 10:18:20|mf|INFO] <GetIndexConstituentStocks>-Create index on table sywg industry classification
[2016-05-26 10:21:32|mf|INFO] <GetIndexConstituentStocks>-Load table IndexConstituent
[2016-05-26 10:21:32|mf|INFO] <GetIndexConstituentStocks>-Load table sywg industry classification
[2016-05-26 10:21:32|mf|INFO] <GetIndexConstituentStocks>-Create index on table IndexConstituent
[2016-05-26 10:21:32|mf|INFO] <GetIndexConstituentStocks>-Create index on table sywg industry classification
[2016-05-26 10:22:30|mf|INFO] <GetIndexConstituentStocks>-Load table IndexConstituent
[2016-05-26 10:22:30|mf|INFO] <GetIndexConstituentStocks>-Load table sywg industry classification
[2016-05-26 10:22:30|mf|INFO] <GetIndexConstituentStocks>-Create index on table IndexConstituent
[2016-05-26 10:22:30|mf|INFO] <GetIndexConstituentStocks>-Create index on table sywg industry classification
[2016-05-26 10:22:46|mf|INFO] <GetIndexConstituentStocks>-Load table IndexConstituent
[2016-05-26 10:22:46|mf|INFO] <GetIndexConstituentStocks>-Load table sywg industry classification
[2016-05-26 10:22:46|mf|INFO] <GetIndexConstituentStocks>-Create index on table IndexConstituent
[2016-05-26 10:22:46|mf|INFO] <GetIndexConstituentStocks>-Create index on table sywg industry classification
[2016-05-26 10:26:51|mf|INFO] <GetIndexConstituentStocks>-Load table IndexConstituent
[2016-05-26 10:26:51|mf|INFO] <GetIndexConstituentStocks>-Load table sywg industry classification
[2016-05-26 10:26:51|mf|INFO] <GetIndexConstituentStocks>-Create index on table IndexConstituent
[2016-05-26 10:26:52|mf|INFO] <GetIndexConstituentStocks>-Create index on table sywg industry classification
[2016-05-26 10:27:44|mf|INFO] <GetIndexConstituentStocks>-Load table IndexConstituent
[2016-05-26 10:27:44|mf|INFO] <GetIndexConstituentStocks>-Load table sywg industry classification
[2016-05-26 10:27:44|mf|INFO] <GetIndexConstituentStocks>-Create index on table IndexConstituent
[2016-05-26 10:27:44|mf|INFO] <GetIndexConstituentStocks>-Create index on table sywg industry classification
[2016-05-26 10:31:52|mf|INFO] <GetIndexConstituentStocks>-Load table IndexConstituent
[2016-05-26 10:31:52|mf|INFO] <GetIndexConstituentStocks>-Load table sywg industry classification
[2016-05-26 10:31:52|mf|INFO] <GetIndexConstituentStocks>-Create index on table IndexConstituent
[2016-05-26 10:31:52|mf|INFO] <GetIndexConstituentStocks>-Create index on table sywg industry classification
[2016-05-26 10:32:24|mf|INFO] <GetIndexConstituentStocks>-Load table IndexConstituent
[2016-05-26 10:32:24|mf|INFO] <GetIndexConstituentStocks>-Load table sywg industry classification
[2016-05-26 10:32:24|mf|INFO] <GetIndexConstituentStocks>-Create index on table IndexConstituent
[2016-05-26 10:32:24|mf|INFO] <GetIndexConstituentStocks>-Create index on table sywg industry classification
[2016-05-26 10:33:25|mf|INFO] <GetIndexConstituentStocks>-Load table IndexConstituent
[2016-05-26 10:33:25|mf|INFO] <GetIndexConstituentStocks>-Load table sywg industry classification
[2016-05-26 10:33:25|mf|INFO] <GetIndexConstituentStocks>-Create index on table IndexConstituent
[2016-05-26 10:33:25|mf|INFO] <GetIndexConstituentStocks>-Create index on table sywg industry classification
[2016-05-26 10:34:05|mf|INFO] <GetIndexConstituentStocks>-Load table IndexConstituent
[2016-05-26 10:34:05|mf|INFO] <GetIndexConstituentStocks>-Load table sywg industry classification
[2016-05-26 10:34:05|mf|INFO] <GetIndexConstituentStocks>-Create index on table IndexConstituent
[2016-05-26 10:34:05|mf|INFO] <GetIndexConstituentStocks>-Create index on table sywg industry classification
[2016-05-26 10:35:22|mf|INFO] <GetIndexConstituentStocks>-Load table IndexConstituent
[2016-05-26 10:35:22|mf|INFO] <GetIndexConstituentStocks>-Load table sywg industry classification
[2016-05-26 10:35:22|mf|INFO] <GetIndexConstituentStocks>-Create index on table IndexConstituent
[2016-05-26 10:35:23|mf|INFO] <GetIndexConstituentStocks>-Create index on table sywg industry classification
[2016-05-26 10:49:35|mf|INFO] <GetIndexConstituentStocks>-Load table IndexConstituent
[2016-05-26 10:49:35|mf|INFO] <GetIndexConstituentStocks>-Load table sywg industry classification
[2016-05-26 10:49:35|mf|INFO] <GetIndexConstituentStocks>-Create index on table IndexConstituent
[2016-05-26 10:49:35|mf|INFO] <GetIndexConstituentStocks>-Create index on table sywg industry classification
[2016-05-26 10:49:49|mf|INFO] <GetIndexConstituentStocks>-Load table IndexConstituent
[2016-05-26 10:49:49|mf|INFO] <GetIndexConstituentStocks>-Load table sywg industry classification
[2016-05-26 10:49:49|mf|INFO] <GetIndexConstituentStocks>-Create index on table IndexConstituent
[2016-05-26 10:49:50|mf|INFO] <GetIndexConstituentStocks>-Create index on table sywg industry classification
[2016-05-26 10:50:05|mf|INFO] <GetIndexConstituentStocks>-Load table IndexConstituent
[2016-05-26 10:50:05|mf|INFO] <GetIndexConstituentStocks>-Load table sywg industry classification
[2016-05-26 10:50:05|mf|INFO] <GetIndexConstituentStocks>-Create index on table IndexConstituent
[2016-05-26 10:50:05|mf|INFO] <GetIndexConstituentStocks>-Create index on table sywg industry classification
[2016-05-26 10:54:22|mf|INFO] <GetIndexConstituentStocks>-Load table IndexConstituent
[2016-05-26 10:54:22|mf|INFO] <GetIndexConstituentStocks>-Load table sywg industry classification
[2016-05-26 10:54:22|mf|INFO] <GetIndexConstituentStocks>-Create index on table IndexConstituent
[2016-05-26 10:54:22|mf|INFO] <GetIndexConstituentStocks>-Create index on table sywg industry classification
[2016-05-26 10:59:12|mf|INFO] <GetIndexConstituentStocks>-Load table IndexConstituent
[2016-05-26 10:59:12|mf|INFO] <GetIndexConstituentStocks>-Load table sywg industry classification
[2016-05-26 10:59:12|mf|INFO] <GetIndexConstituentStocks>-Create index on table IndexConstituent
[2016-05-26 10:59:12|mf|INFO] <GetIndexConstituentStocks>-Create index on table sywg industry classification
[2016-05-26 10:59:59|mf|INFO] <GetIndexConstituentStocks>-Load table IndexConstituent
[2016-05-26 10:59:59|mf|INFO] <GetIndexConstituentStocks>-Load table sywg industry classification
[2016-05-26 10:59:59|mf|INFO] <GetIndexConstituentStocks>-Create index on table IndexConstituent
[2016-05-26 10:59:59|mf|INFO] <GetIndexConstituentStocks>-Create index on table sywg industry classification
[2016-05-26 11:01:48|mf|INFO] <GetIndexConstituentStocks>-Load table IndexConstituent
[2016-05-26 11:01:48|mf|INFO] <GetIndexConstituentStocks>-Load table sywg industry classification
[2016-05-26 11:01:48|mf|INFO] <GetIndexConstituentStocks>-Create index on table IndexConstituent
[2016-05-26 11:01:48|mf|INFO] <GetIndexConstituentStocks>-Create index on table sywg industry classification
[2016-05-26 11:02:06|mf|INFO] <GetIndexConstituentStocks>-Load table IndexConstituent
[2016-05-26 11:02:06|mf|INFO] <GetIndexConstituentStocks>-Load table sywg industry classification
[2016-05-26 11:02:06|mf|INFO] <GetIndexConstituentStocks>-Create index on table IndexConstituent
[2016-05-26 11:02:07|mf|INFO] <GetIndexConstituentStocks>-Create index on table sywg industry classification
[2016-05-26 11:03:29|mf|INFO] <GetIndexConstituentStocks>-Load table IndexConstituent
[2016-05-26 11:03:29|mf|INFO] <GetIndexConstituentStocks>-Load table sywg industry classification
[2016-05-26 11:03:29|mf|INFO] <GetIndexConstituentStocks>-Create index on table IndexConstituent
[2016-05-26 11:03:29|mf|INFO] <GetIndexConstituentStocks>-Create index on table sywg industry classification
[2016-05-26 11:05:23|mf|INFO] <GetIndexConstituentStocks>-Load table IndexConstituent
[2016-05-26 11:05:23|mf|INFO] <GetIndexConstituentStocks>-Load table sywg industry classification
[2016-05-26 11:05:23|mf|INFO] <GetIndexConstituentStocks>-Create index on table IndexConstituent
[2016-05-26 11:05:23|mf|INFO] <GetIndexConstituentStocks>-Create index on table sywg industry classification
[2016-05-26 11:25:27|mf|INFO] <GetIndexConstituentStocks>-Load table IndexConstituent
[2016-05-26 11:25:27|mf|INFO] <GetIndexConstituentStocks>-Load table sywg industry classification
[2016-05-26 11:25:27|mf|INFO] <GetIndexConstituentStocks>-Create index on table IndexConstituent
[2016-05-26 11:25:27|mf|INFO] <GetIndexConstituentStocks>-Create index on table sywg industry classification
[2016-05-26 11:25:51|mf|INFO] <GetIndexConstituentStocks>-Load table IndexConstituent
[2016-05-26 11:25:51|mf|INFO] <GetIndexConstituentStocks>-Load table sywg industry classification
[2016-05-26 11:25:51|mf|INFO] <GetIndexConstituentStocks>-Create index on table IndexConstituent
[2016-05-26 11:25:51|mf|INFO] <GetIndexConstituentStocks>-Create index on table sywg industry classification
[2016-05-26 11:37:23|mf|INFO] <GetIndexConstituentStocks>-Load table IndexConstituent
[2016-05-26 11:37:23|mf|INFO] <GetIndexConstituentStocks>-Load table sywg industry classification
[2016-05-26 11:37:23|mf|INFO] <GetIndexConstituentStocks>-Create index on table IndexConstituent
[2016-05-26 11:37:23|mf|INFO] <GetIndexConstituentStocks>-Create index on table sywg industry classification
[2016-05-26 11:37:47|mf|INFO] <GetIndexConstituentStocks>-Load table IndexConstituent
[2016-05-26 11:37:47|mf|INFO] <GetIndexConstituentStocks>-Load table sywg industry classification
[2016-05-26 11:37:47|mf|INFO] <GetIndexConstituentStocks>-Create index on table IndexConstituent
[2016-05-26 11:37:47|mf|INFO] <GetIndexConstituentStocks>-Create index on table sywg industry classification
[2016-05-26 11:41:40|mf|INFO] <GetIndexConstituentStocks>-Load table IndexConstituent
[2016-05-26 11:41:40|mf|INFO] <GetIndexConstituentStocks>-Load table sywg industry classification
[2016-05-26 11:41:40|mf|INFO] <GetIndexConstituentStocks>-Create index on table IndexConstituent
[2016-05-26 11:41:40|mf|INFO] <GetIndexConstituentStocks>-Create index on table sywg industry classification
[2016-05-26 11:44:56|mf|INFO] <GetIndexConstituentStocks>-Load table IndexConstituent
[2016-05-26 11:44:56|mf|INFO] <GetIndexConstituentStocks>-Load table sywg industry classification
[2016-05-26 11:44:56|mf|INFO] <GetIndexConstituentStocks>-Create index on table IndexConstituent
[2016-05-26 11:44:56|mf|INFO] <GetIndexConstituentStocks>-Create index on table sywg industry classification
[2016-05-26 11:46:00|mf|INFO] <GetIndexConstituentStocks>-Load table IndexConstituent
[2016-05-26 11:46:00|mf|INFO] <GetIndexConstituentStocks>-Load table sywg industry classification
[2016-05-26 11:46:00|mf|INFO] <GetIndexConstituentStocks>-Create index on table IndexConstituent
[2016-05-26 11:46:00|mf|INFO] <GetIndexConstituentStocks>-Create index on table sywg industry classification
[2016-05-26 11:51:27|mf|INFO] <GetIndexConstituentStocks>-Load table IndexConstituent
[2016-05-26 11:51:27|mf|INFO] <GetIndexConstituentStocks>-Load table sywg industry classification
[2016-05-26 11:51:27|mf|INFO] <GetIndexConstituentStocks>-Create index on table IndexConstituent
[2016-05-26 11:51:27|mf|INFO] <GetIndexConstituentStocks>-Create index on table sywg industry classification
[2016-05-26 11:51:46|mf|INFO] <GetIndexConstituentStocks>-Load table IndexConstituent
[2016-05-26 11:51:46|mf|INFO] <GetIndexConstituentStocks>-Load table sywg industry classification
[2016-05-26 11:51:46|mf|INFO] <GetIndexConstituentStocks>-Create index on table IndexConstituent
[2016-05-26 11:51:47|mf|INFO] <GetIndexConstituentStocks>-Create index on table sywg industry classification
[2016-05-26 11:53:17|mf|INFO] <GetIndexConstituentStocks>-Load table IndexConstituent
[2016-05-26 11:53:17|mf|INFO] <GetIndexConstituentStocks>-Load table sywg industry classification
[2016-05-26 11:53:17|mf|INFO] <GetIndexConstituentStocks>-Create index on table IndexConstituent
[2016-05-26 11:53:17|mf|INFO] <GetIndexConstituentStocks>-Create index on table sywg industry classification
[2016-05-26 11:54:40|mf|INFO] <GetIndexConstituentStocks>-Load table IndexConstituent
[2016-05-26 11:54:41|mf|INFO] <GetIndexConstituentStocks>-Load table sywg industry classification
[2016-05-26 11:54:41|mf|INFO] <GetIndexConstituentStocks>-Create index on table IndexConstituent
[2016-05-26 11:54:41|mf|INFO] <GetIndexConstituentStocks>-Create index on table sywg industry classification
[2016-05-26 11:56:29|mf|INFO] <GetIndexConstituentStocks>-Load table IndexConstituent
[2016-05-26 11:56:29|mf|INFO] <GetIndexConstituentStocks>-Load table sywg industry classification
[2016-05-26 11:56:29|mf|INFO] <GetIndexConstituentStocks>-Create index on table IndexConstituent
[2016-05-26 11:56:29|mf|INFO] <GetIndexConstituentStocks>-Create index on table sywg industry classification
[2016-05-26 12:01:59|mf|INFO] <GetIndexConstituentStocks>-Load table IndexConstituent
[2016-05-26 12:01:59|mf|INFO] <GetIndexConstituentStocks>-Load table sywg industry classification
[2016-05-26 12:01:59|mf|INFO] <GetIndexConstituentStocks>-Create index on table IndexConstituent
[2016-05-26 12:01:59|mf|INFO] <GetIndexConstituentStocks>-Create index on table sywg industry classification
[2016-05-26 12:08:14|mf|INFO] <GetIndexConstituentStocks>-Load table IndexConstituent
[2016-05-26 12:08:14|mf|INFO] <GetIndexConstituentStocks>-Load table sywg industry classification
[2016-05-26 12:08:14|mf|INFO] <GetIndexConstituentStocks>-Create index on table IndexConstituent
[2016-05-26 12:08:14|mf|INFO] <GetIndexConstituentStocks>-Create index on table sywg industry classification
[2016-05-26 12:09:09|mf|INFO] <GetIndexConstituentStocks>-Load table IndexConstituent
[2016-05-26 12:09:09|mf|INFO] <GetIndexConstituentStocks>-Load table sywg industry classification
[2016-05-26 12:09:09|mf|INFO] <GetIndexConstituentStocks>-Create index on table IndexConstituent
[2016-05-26 12:09:09|mf|INFO] <GetIndexConstituentStocks>-Create index on table sywg industry classification
[2016-05-26 12:11:17|mf|INFO] <GetIndexConstituentStocks>-Load table IndexConstituent
[2016-05-26 12:11:17|mf|INFO] <GetIndexConstituentStocks>-Load table sywg industry classification
[2016-05-26 12:11:17|mf|INFO] <GetIndexConstituentStocks>-Create index on table IndexConstituent
[2016-05-26 12:11:17|mf|INFO] <GetIndexConstituentStocks>-Create index on table sywg industry classification
[2016-05-26 12:13:14|mf|INFO] <GetIndexConstituentStocks>-Load table IndexConstituent
[2016-05-26 12:13:14|mf|INFO] <GetIndexConstituentStocks>-Load table sywg industry classification
[2016-05-26 12:13:14|mf|INFO] <GetIndexConstituentStocks>-Create index on table IndexConstituent
[2016-05-26 12:13:15|mf|INFO] <GetIndexConstituentStocks>-Create index on table sywg industry classification
[2016-05-26 12:18:25|mf|INFO] <GetIndexConstituentStocks>-Load table IndexConstituent
[2016-05-26 12:18:25|mf|INFO] <GetIndexConstituentStocks>-Load table sywg industry classification
[2016-05-26 12:18:25|mf|INFO] <GetIndexConstituentStocks>-Create index on table IndexConstituent
[2016-05-26 12:18:25|mf|INFO] <GetIndexConstituentStocks>-Create index on table sywg industry classification
[2016-05-26 16:24:46|mf|INFO] <GetIndexConstituentStocks>-Load table IndexConstituent
[2016-05-26 16:24:46|mf|INFO] <GetIndexConstituentStocks>-Load table sywg industry classification
[2016-05-26 16:24:46|mf|INFO] <GetIndexConstituentStocks>-Create index on table IndexConstituent
[2016-05-26 16:24:47|mf|INFO] <GetIndexConstituentStocks>-Create index on table sywg industry classification
[2016-05-26 16:27:37|mf|INFO] <GetIndexConstituentStocks>-Load table IndexConstituent
[2016-05-26 16:27:37|mf|INFO] <GetIndexConstituentStocks>-Load table sywg industry classification
[2016-05-26 16:27:37|mf|INFO] <GetIndexConstituentStocks>-Create index on table IndexConstituent
[2016-05-26 16:27:37|mf|INFO] <GetIndexConstituentStocks>-Create index on table sywg industry classification
[2016-05-26 16:55:28|mf|INFO] <GetIndexConstituentStocks>-Load table IndexConstituent
[2016-05-26 16:55:28|mf|INFO] <GetIndexConstituentStocks>-Load table sywg industry classification
[2016-05-26 16:55:28|mf|INFO] <GetIndexConstituentStocks>-Create index on table IndexConstituent
[2016-05-26 16:55:28|mf|INFO] <GetIndexConstituentStocks>-Create index on table sywg industry classification
[2016-05-26 17:13:40|mf|INFO] <GetIndexConstituentStocks>-Load table IndexConstituent
[2016-05-26 17:13:40|mf|INFO] <GetIndexConstituentStocks>-Load table sywg industry classification
[2016-05-26 17:13:40|mf|INFO] <GetIndexConstituentStocks>-Create index on table IndexConstituent
[2016-05-26 17:13:40|mf|INFO] <GetIndexConstituentStocks>-Create index on table sywg industry classification
[2016-05-26 17:14:35|mf|INFO] <GetIndexConstituentStocks>-Load table IndexConstituent
[2016-05-26 17:14:35|mf|INFO] <GetIndexConstituentStocks>-Load table sywg industry classification
[2016-05-26 17:14:35|mf|INFO] <GetIndexConstituentStocks>-Create index on table IndexConstituent
[2016-05-26 17:14:35|mf|INFO] <GetIndexConstituentStocks>-Create index on table sywg industry classification
[2016-05-26 17:15:30|mf|INFO] <GetIndexConstituentStocks>-Load table IndexConstituent
[2016-05-26 17:15:30|mf|INFO] <GetIndexConstituentStocks>-Load table sywg industry classification
[2016-05-26 17:15:30|mf|INFO] <GetIndexConstituentStocks>-Create index on table IndexConstituent
[2016-05-26 17:15:30|mf|INFO] <GetIndexConstituentStocks>-Create index on table sywg industry classification
[2016-05-26 17:16:30|mf|INFO] <GetIndexConstituentStocks>-Load table IndexConstituent
[2016-05-26 17:16:30|mf|INFO] <GetIndexConstituentStocks>-Load table sywg industry classification
[2016-05-26 17:16:30|mf|INFO] <GetIndexConstituentStocks>-Create index on table IndexConstituent
[2016-05-26 17:16:30|mf|INFO] <GetIndexConstituentStocks>-Create index on table sywg industry classification
[2016-05-26 17:17:44|mf|INFO] <GetIndexConstituentStocks>-Load table IndexConstituent
[2016-05-26 17:17:44|mf|INFO] <GetIndexConstituentStocks>-Load table sywg industry classification
[2016-05-26 17:17:44|mf|INFO] <GetIndexConstituentStocks>-Create index on table IndexConstituent
[2016-05-26 17:17:44|mf|INFO] <GetIndexConstituentStocks>-Create index on table sywg industry classification
